ERROR - 2022-10-20 01:23:59 --> mysqli_sql_exception: Unknown column 'jenis_kendaraan_id' in 'field list' in C:\Users\user\Documents\sisteminformasibengkel\sisteminformasibengkel\vendor\codeigniter4\framework\system\Database\MySQLi\Connection.php:292
Stack trace:
#0 C:\Users\user\Documents\sisteminformasibengkel\sisteminformasibengkel\vendor\codeigniter4\framework\system\Database\MySQLi\Connection.php(292): mysqli->query('INSERT INTO `ke...', 0)
#1 C:\Users\user\Documents\sisteminformasibengkel\sisteminformasibengkel\vendor\codeigniter4\framework\system\Database\BaseConnection.php(693): CodeIgniter\Database\MySQLi\Connection->execute('INSERT INTO `ke...')
#2 C:\Users\user\Documents\sisteminformasibengkel\sisteminformasibengkel\vendor\codeigniter4\framework\system\Database\BaseConnection.php(620): CodeIgniter\Database\BaseConnection->simpleQuery('INSERT INTO `ke...')
#3 C:\Users\user\Documents\sisteminformasibengkel\sisteminformasibengkel\vendor\codeigniter4\framework\system\Database\BaseBuilder.php(1916): CodeIgniter\Database\BaseConnection->query('INSERT INTO `ke...', Array, false)
#4 C:\Users\user\Documents\sisteminformasibengkel\sisteminformasibengkel\vendor\codeigniter4\framework\system\Model.php(279): CodeIgniter\Database\BaseBuilder->insert()
#5 C:\Users\user\Documents\sisteminformasibengkel\sisteminformasibengkel\vendor\codeigniter4\framework\system\BaseModel.php(748): CodeIgniter\Model->doInsert(Array)
#6 C:\Users\user\Documents\sisteminformasibengkel\sisteminformasibengkel\vendor\codeigniter4\framework\system\Model.php(667): CodeIgniter\BaseModel->insert(Array, true)
#7 C:\Users\user\Documents\sisteminformasibengkel\sisteminformasibengkel\app\Database\Seeds\KendaraanSeeder.php(13): CodeIgniter\Model->insert(Array)
#8 C:\Users\user\Documents\sisteminformasibengkel\sisteminformasibengkel\vendor\codeigniter4\framework\system\Database\Seeder.php(145): App\Database\Seeds\KendaraanSeeder->run()
#9 C:\Users\user\Documents\sisteminformasibengkel\sisteminformasibengkel\vendor\codeigniter4\framework\system\Commands\Database\Seed.php(77): CodeIgniter\Database\Seeder->call('App\\Database\\Se...')
#10 C:\Users\user\Documents\sisteminformasibengkel\sisteminformasibengkel\vendor\codeigniter4\framework\system\CLI\Commands.php(63): CodeIgniter\Commands\Database\Seed->run(Array)
#11 C:\Users\user\Documents\sisteminformasibengkel\sisteminformasibengkel\vendor\codeigniter4\framework\system\CLI\CommandRunner.php(65): CodeIgniter\CLI\Commands->run('db:seed', Array)
#12 C:\Users\user\Documents\sisteminformasibengkel\sisteminformasibengkel\vendor\codeigniter4\framework\system\CLI\CommandRunner.php(51): CodeIgniter\CLI\CommandRunner->index(Array)
#13 C:\Users\user\Documents\sisteminformasibengkel\sisteminformasibengkel\vendor\codeigniter4\framework\system\CodeIgniter.php(895): CodeIgniter\CLI\CommandRunner->_remap('index', Array)
#14 C:\Users\user\Documents\sisteminformasibengkel\sisteminformasibengkel\vendor\codeigniter4\framework\system\CodeIgniter.php(457): CodeIgniter\CodeIgniter->runController(Object(CodeIgniter\CLI\CommandRunner))
#15 C:\Users\user\Documents\sisteminformasibengkel\sisteminformasibengkel\vendor\codeigniter4\framework\system\CodeIgniter.php(336): CodeIgniter\CodeIgniter->handleRequest(NULL, Object(Config\Cache), false)
#16 C:\Users\user\Documents\sisteminformasibengkel\sisteminformasibengkel\vendor\codeigniter4\framework\system\CLI\Console.php(48): CodeIgniter\CodeIgniter->run()
#17 C:\Users\user\Documents\sisteminformasibengkel\sisteminformasibengkel\spark(98): CodeIgniter\CLI\Console->run()
#18 {main}
ERROR - 2022-10-20 01:26:11 --> mysqli_sql_exception: Unknown column 'warnakendaraan_id' in 'field list' in C:\Users\user\Documents\sisteminformasibengkel\sisteminformasibengkel\vendor\codeigniter4\framework\system\Database\MySQLi\Connection.php:292
Stack trace:
#0 C:\Users\user\Documents\sisteminformasibengkel\sisteminformasibengkel\vendor\codeigniter4\framework\system\Database\MySQLi\Connection.php(292): mysqli->query('INSERT INTO `ke...', 0)
#1 C:\Users\user\Documents\sisteminformasibengkel\sisteminformasibengkel\vendor\codeigniter4\framework\system\Database\BaseConnection.php(693): CodeIgniter\Database\MySQLi\Connection->execute('INSERT INTO `ke...')
#2 C:\Users\user\Documents\sisteminformasibengkel\sisteminformasibengkel\vendor\codeigniter4\framework\system\Database\BaseConnection.php(620): CodeIgniter\Database\BaseConnection->simpleQuery('INSERT INTO `ke...')
#3 C:\Users\user\Documents\sisteminformasibengkel\sisteminformasibengkel\vendor\codeigniter4\framework\system\Database\BaseBuilder.php(1916): CodeIgniter\Database\BaseConnection->query('INSERT INTO `ke...', Array, false)
#4 C:\Users\user\Documents\sisteminformasibengkel\sisteminformasibengkel\vendor\codeigniter4\framework\system\Model.php(279): CodeIgniter\Database\BaseBuilder->insert()
#5 C:\Users\user\Documents\sisteminformasibengkel\sisteminformasibengkel\vendor\codeigniter4\framework\system\BaseModel.php(748): CodeIgniter\Model->doInsert(Array)
#6 C:\Users\user\Documents\sisteminformasibengkel\sisteminformasibengkel\vendor\codeigniter4\framework\system\Model.php(667): CodeIgniter\BaseModel->insert(Array, true)
#7 C:\Users\user\Documents\sisteminformasibengkel\sisteminformasibengkel\app\Database\Seeds\KendaraanSeeder.php(13): CodeIgniter\Model->insert(Array)
#8 C:\Users\user\Documents\sisteminformasibengkel\sisteminformasibengkel\vendor\codeigniter4\framework\system\Database\Seeder.php(145): App\Database\Seeds\KendaraanSeeder->run()
#9 C:\Users\user\Documents\sisteminformasibengkel\sisteminformasibengkel\vendor\codeigniter4\framework\system\Commands\Database\Seed.php(77): CodeIgniter\Database\Seeder->call('App\\Database\\Se...')
#10 C:\Users\user\Documents\sisteminformasibengkel\sisteminformasibengkel\vendor\codeigniter4\framework\system\CLI\Commands.php(63): CodeIgniter\Commands\Database\Seed->run(Array)
#11 C:\Users\user\Documents\sisteminformasibengkel\sisteminformasibengkel\vendor\codeigniter4\framework\system\CLI\CommandRunner.php(65): CodeIgniter\CLI\Commands->run('db:seed', Array)
#12 C:\Users\user\Documents\sisteminformasibengkel\sisteminformasibengkel\vendor\codeigniter4\framework\system\CLI\CommandRunner.php(51): CodeIgniter\CLI\CommandRunner->index(Array)
#13 C:\Users\user\Documents\sisteminformasibengkel\sisteminformasibengkel\vendor\codeigniter4\framework\system\CodeIgniter.php(895): CodeIgniter\CLI\CommandRunner->_remap('index', Array)
#14 C:\Users\user\Documents\sisteminformasibengkel\sisteminformasibengkel\vendor\codeigniter4\framework\system\CodeIgniter.php(457): CodeIgniter\CodeIgniter->runController(Object(CodeIgniter\CLI\CommandRunner))
#15 C:\Users\user\Documents\sisteminformasibengkel\sisteminformasibengkel\vendor\codeigniter4\framework\system\CodeIgniter.php(336): CodeIgniter\CodeIgniter->handleRequest(NULL, Object(Config\Cache), false)
#16 C:\Users\user\Documents\sisteminformasibengkel\sisteminformasibengkel\vendor\codeigniter4\framework\system\CLI\Console.php(48): CodeIgniter\CodeIgniter->run()
#17 C:\Users\user\Documents\sisteminformasibengkel\sisteminformasibengkel\spark(98): CodeIgniter\CLI\Console->run()
#18 {main}
ERROR - 2022-10-20 02:01:39 --> mysqli_sql_exception: Unknown column 'warnakendaraan_id' in 'field list' in C:\Users\user\Documents\sisteminformasibengkel\sisteminformasibengkel\vendor\codeigniter4\framework\system\Database\MySQLi\Connection.php:292
Stack trace:
#0 C:\Users\user\Documents\sisteminformasibengkel\sisteminformasibengkel\vendor\codeigniter4\framework\system\Database\MySQLi\Connection.php(292): mysqli->query('INSERT INTO `ke...', 0)
#1 C:\Users\user\Documents\sisteminformasibengkel\sisteminformasibengkel\vendor\codeigniter4\framework\system\Database\BaseConnection.php(693): CodeIgniter\Database\MySQLi\Connection->execute('INSERT INTO `ke...')
#2 C:\Users\user\Documents\sisteminformasibengkel\sisteminformasibengkel\vendor\codeigniter4\framework\system\Database\BaseConnection.php(620): CodeIgniter\Database\BaseConnection->simpleQuery('INSERT INTO `ke...')
#3 C:\Users\user\Documents\sisteminformasibengkel\sisteminformasibengkel\vendor\codeigniter4\framework\system\Database\BaseBuilder.php(1916): CodeIgniter\Database\BaseConnection->query('INSERT INTO `ke...', Array, false)
#4 C:\Users\user\Documents\sisteminformasibengkel\sisteminformasibengkel\vendor\codeigniter4\framework\system\Model.php(279): CodeIgniter\Database\BaseBuilder->insert()
#5 C:\Users\user\Documents\sisteminformasibengkel\sisteminformasibengkel\vendor\codeigniter4\framework\system\BaseModel.php(748): CodeIgniter\Model->doInsert(Array)
#6 C:\Users\user\Documents\sisteminformasibengkel\sisteminformasibengkel\vendor\codeigniter4\framework\system\Model.php(667): CodeIgniter\BaseModel->insert(Array, true)
#7 C:\Users\user\Documents\sisteminformasibengkel\sisteminformasibengkel\app\Database\Seeds\KendaraanSeeder.php(13): CodeIgniter\Model->insert(Array)
#8 C:\Users\user\Documents\sisteminformasibengkel\sisteminformasibengkel\vendor\codeigniter4\framework\system\Database\Seeder.php(145): App\Database\Seeds\KendaraanSeeder->run()
#9 C:\Users\user\Documents\sisteminformasibengkel\sisteminformasibengkel\vendor\codeigniter4\framework\system\Commands\Database\Seed.php(77): CodeIgniter\Database\Seeder->call('App\\Database\\Se...')
#10 C:\Users\user\Documents\sisteminformasibengkel\sisteminformasibengkel\vendor\codeigniter4\framework\system\CLI\Commands.php(63): CodeIgniter\Commands\Database\Seed->run(Array)
#11 C:\Users\user\Documents\sisteminformasibengkel\sisteminformasibengkel\vendor\codeigniter4\framework\system\CLI\CommandRunner.php(65): CodeIgniter\CLI\Commands->run('db:seed', Array)
#12 C:\Users\user\Documents\sisteminformasibengkel\sisteminformasibengkel\vendor\codeigniter4\framework\system\CLI\CommandRunner.php(51): CodeIgniter\CLI\CommandRunner->index(Array)
#13 C:\Users\user\Documents\sisteminformasibengkel\sisteminformasibengkel\vendor\codeigniter4\framework\system\CodeIgniter.php(895): CodeIgniter\CLI\CommandRunner->_remap('index', Array)
#14 C:\Users\user\Documents\sisteminformasibengkel\sisteminformasibengkel\vendor\codeigniter4\framework\system\CodeIgniter.php(457): CodeIgniter\CodeIgniter->runController(Object(CodeIgniter\CLI\CommandRunner))
#15 C:\Users\user\Documents\sisteminformasibengkel\sisteminformasibengkel\vendor\codeigniter4\framework\system\CodeIgniter.php(336): CodeIgniter\CodeIgniter->handleRequest(NULL, Object(Config\Cache), false)
#16 C:\Users\user\Documents\sisteminformasibengkel\sisteminformasibengkel\vendor\codeigniter4\framework\system\CLI\Console.php(48): CodeIgniter\CodeIgniter->run()
#17 C:\Users\user\Documents\sisteminformasibengkel\sisteminformasibengkel\spark(98): CodeIgniter\CLI\Console->run()
#18 {main}
ERROR - 2022-10-20 02:15:19 --> mysqli_sql_exception: Unknown column 'warnakendaraan_id' in 'field list' in C:\Users\user\Documents\sisteminformasibengkel\sisteminformasibengkel\vendor\codeigniter4\framework\system\Database\MySQLi\Connection.php:292
Stack trace:
#0 C:\Users\user\Documents\sisteminformasibengkel\sisteminformasibengkel\vendor\codeigniter4\framework\system\Database\MySQLi\Connection.php(292): mysqli->query('INSERT INTO `ke...', 0)
#1 C:\Users\user\Documents\sisteminformasibengkel\sisteminformasibengkel\vendor\codeigniter4\framework\system\Database\BaseConnection.php(693): CodeIgniter\Database\MySQLi\Connection->execute('INSERT INTO `ke...')
#2 C:\Users\user\Documents\sisteminformasibengkel\sisteminformasibengkel\vendor\codeigniter4\framework\system\Database\BaseConnection.php(620): CodeIgniter\Database\BaseConnection->simpleQuery('INSERT INTO `ke...')
#3 C:\Users\user\Documents\sisteminformasibengkel\sisteminformasibengkel\vendor\codeigniter4\framework\system\Database\BaseBuilder.php(1916): CodeIgniter\Database\BaseConnection->query('INSERT INTO `ke...', Array, false)
#4 C:\Users\user\Documents\sisteminformasibengkel\sisteminformasibengkel\vendor\codeigniter4\framework\system\Model.php(279): CodeIgniter\Database\BaseBuilder->insert()
#5 C:\Users\user\Documents\sisteminformasibengkel\sisteminformasibengkel\vendor\codeigniter4\framework\system\BaseModel.php(748): CodeIgniter\Model->doInsert(Array)
#6 C:\Users\user\Documents\sisteminformasibengkel\sisteminformasibengkel\vendor\codeigniter4\framework\system\Model.php(667): CodeIgniter\BaseModel->insert(Array, true)
#7 C:\Users\user\Documents\sisteminformasibengkel\sisteminformasibengkel\app\Database\Seeds\KendaraanSeeder.php(13): CodeIgniter\Model->insert(Array)
#8 C:\Users\user\Documents\sisteminformasibengkel\sisteminformasibengkel\vendor\codeigniter4\framework\system\Database\Seeder.php(145): App\Database\Seeds\KendaraanSeeder->run()
#9 C:\Users\user\Documents\sisteminformasibengkel\sisteminformasibengkel\vendor\codeigniter4\framework\system\Commands\Database\Seed.php(77): CodeIgniter\Database\Seeder->call('App\\Database\\Se...')
#10 C:\Users\user\Documents\sisteminformasibengkel\sisteminformasibengkel\vendor\codeigniter4\framework\system\CLI\Commands.php(63): CodeIgniter\Commands\Database\Seed->run(Array)
#11 C:\Users\user\Documents\sisteminformasibengkel\sisteminformasibengkel\vendor\codeigniter4\framework\system\CLI\CommandRunner.php(65): CodeIgniter\CLI\Commands->run('db:seed', Array)
#12 C:\Users\user\Documents\sisteminformasibengkel\sisteminformasibengkel\vendor\codeigniter4\framework\system\CLI\CommandRunner.php(51): CodeIgniter\CLI\CommandRunner->index(Array)
#13 C:\Users\user\Documents\sisteminformasibengkel\sisteminformasibengkel\vendor\codeigniter4\framework\system\CodeIgniter.php(895): CodeIgniter\CLI\CommandRunner->_remap('index', Array)
#14 C:\Users\user\Documents\sisteminformasibengkel\sisteminformasibengkel\vendor\codeigniter4\framework\system\CodeIgniter.php(457): CodeIgniter\CodeIgniter->runController(Object(CodeIgniter\CLI\CommandRunner))
#15 C:\Users\user\Documents\sisteminformasibengkel\sisteminformasibengkel\vendor\codeigniter4\framework\system\CodeIgniter.php(336): CodeIgniter\CodeIgniter->handleRequest(NULL, Object(Config\Cache), false)
#16 C:\Users\user\Documents\sisteminformasibengkel\sisteminformasibengkel\vendor\codeigniter4\framework\system\CLI\Console.php(48): CodeIgniter\CodeIgniter->run()
#17 C:\Users\user\Documents\sisteminformasibengkel\sisteminformasibengkel\spark(98): CodeIgniter\CLI\Console->run()
#18 {main}
ERROR - 2022-10-20 05:23:16 --> mysqli_sql_exception: You have an error in your SQL syntax; check the manual that corresponds to your MariaDB server version for the right syntax to use near '(255) NOT NULL,
	`created_at` datetime NOT NULL,
	`updated_at` datetime NOT N...' at line 11 in C:\Users\user\Documents\sisteminformasibengkel\sisteminformasibengkel\vendor\codeigniter4\framework\system\Database\MySQLi\Connection.php:292
Stack trace:
#0 C:\Users\user\Documents\sisteminformasibengkel\sisteminformasibengkel\vendor\codeigniter4\framework\system\Database\MySQLi\Connection.php(292): mysqli->query('CREATE TABLE `k...', 0)
#1 C:\Users\user\Documents\sisteminformasibengkel\sisteminformasibengkel\vendor\codeigniter4\framework\system\Database\BaseConnection.php(693): CodeIgniter\Database\MySQLi\Connection->execute('CREATE TABLE `k...')
#2 C:\Users\user\Documents\sisteminformasibengkel\sisteminformasibengkel\vendor\codeigniter4\framework\system\Database\BaseConnection.php(620): CodeIgniter\Database\BaseConnection->simpleQuery('CREATE TABLE `k...')
#3 C:\Users\user\Documents\sisteminformasibengkel\sisteminformasibengkel\vendor\codeigniter4\framework\system\Database\Forge.php(509): CodeIgniter\Database\BaseConnection->query('CREATE TABLE `k...')
#4 C:\Users\user\Documents\sisteminformasibengkel\sisteminformasibengkel\app\Database\Migrations\2022-10-13-091909_Karyawan.php(28): CodeIgniter\Database\Forge->createTable('karyawan')
#5 C:\Users\user\Documents\sisteminformasibengkel\sisteminformasibengkel\vendor\codeigniter4\framework\system\Database\MigrationRunner.php(868): App\Database\Migrations\Karyawan->up()
#6 C:\Users\user\Documents\sisteminformasibengkel\sisteminformasibengkel\vendor\codeigniter4\framework\system\Database\MigrationRunner.php(187): CodeIgniter\Database\MigrationRunner->migrate('up', Object(stdClass))
#7 C:\Users\user\Documents\sisteminformasibengkel\sisteminformasibengkel\vendor\codeigniter4\framework\system\Commands\Database\Migrate.php(84): CodeIgniter\Database\MigrationRunner->latest(NULL)
#8 C:\Users\user\Documents\sisteminformasibengkel\sisteminformasibengkel\vendor\codeigniter4\framework\system\CLI\Commands.php(63): CodeIgniter\Commands\Database\Migrate->run(Array)
#9 C:\Users\user\Documents\sisteminformasibengkel\sisteminformasibengkel\vendor\codeigniter4\framework\system\CLI\BaseCommand.php(112): CodeIgniter\CLI\Commands->run('migrate', Array)
#10 C:\Users\user\Documents\sisteminformasibengkel\sisteminformasibengkel\vendor\codeigniter4\framework\system\Commands\Database\MigrateRefresh.php(85): CodeIgniter\CLI\BaseCommand->call('migrate', Array)
#11 C:\Users\user\Documents\sisteminformasibengkel\sisteminformasibengkel\vendor\codeigniter4\framework\system\CLI\Commands.php(63): CodeIgniter\Commands\Database\MigrateRefresh->run(Array)
#12 C:\Users\user\Documents\sisteminformasibengkel\sisteminformasibengkel\vendor\codeigniter4\framework\system\CLI\CommandRunner.php(65): CodeIgniter\CLI\Commands->run('migrate:refresh', Array)
#13 C:\Users\user\Documents\sisteminformasibengkel\sisteminformasibengkel\vendor\codeigniter4\framework\system\CLI\CommandRunner.php(51): CodeIgniter\CLI\CommandRunner->index(Array)
#14 C:\Users\user\Documents\sisteminformasibengkel\sisteminformasibengkel\vendor\codeigniter4\framework\system\CodeIgniter.php(895): CodeIgniter\CLI\CommandRunner->_remap('index', Array)
#15 C:\Users\user\Documents\sisteminformasibengkel\sisteminformasibengkel\vendor\codeigniter4\framework\system\CodeIgniter.php(457): CodeIgniter\CodeIgniter->runController(Object(CodeIgniter\CLI\CommandRunner))
#16 C:\Users\user\Documents\sisteminformasibengkel\sisteminformasibengkel\vendor\codeigniter4\framework\system\CodeIgniter.php(336): CodeIgniter\CodeIgniter->handleRequest(NULL, Object(Config\Cache), false)
#17 C:\Users\user\Documents\sisteminformasibengkel\sisteminformasibengkel\vendor\codeigniter4\framework\system\CLI\Console.php(48): CodeIgniter\CodeIgniter->run()
#18 C:\Users\user\Documents\sisteminformasibengkel\sisteminformasibengkel\spark(98): CodeIgniter\CLI\Console->run()
#19 {main}
ERROR - 2022-10-20 05:26:43 --> mysqli_sql_exception: You have an error in your SQL syntax; check the manual that corresponds to your MariaDB server version for the right syntax to use near '(255) NOT NULL,
	`created_at` datetime NOT NULL,
	`updated_at` datetime NOT N...' at line 11 in C:\Users\user\Documents\sisteminformasibengkel\sisteminformasibengkel\vendor\codeigniter4\framework\system\Database\MySQLi\Connection.php:292
Stack trace:
#0 C:\Users\user\Documents\sisteminformasibengkel\sisteminformasibengkel\vendor\codeigniter4\framework\system\Database\MySQLi\Connection.php(292): mysqli->query('CREATE TABLE `k...', 0)
#1 C:\Users\user\Documents\sisteminformasibengkel\sisteminformasibengkel\vendor\codeigniter4\framework\system\Database\BaseConnection.php(693): CodeIgniter\Database\MySQLi\Connection->execute('CREATE TABLE `k...')
#2 C:\Users\user\Documents\sisteminformasibengkel\sisteminformasibengkel\vendor\codeigniter4\framework\system\Database\BaseConnection.php(620): CodeIgniter\Database\BaseConnection->simpleQuery('CREATE TABLE `k...')
#3 C:\Users\user\Documents\sisteminformasibengkel\sisteminformasibengkel\vendor\codeigniter4\framework\system\Database\Forge.php(509): CodeIgniter\Database\BaseConnection->query('CREATE TABLE `k...')
#4 C:\Users\user\Documents\sisteminformasibengkel\sisteminformasibengkel\app\Database\Migrations\2022-10-13-091909_Karyawan.php(28): CodeIgniter\Database\Forge->createTable('karyawan')
#5 C:\Users\user\Documents\sisteminformasibengkel\sisteminformasibengkel\vendor\codeigniter4\framework\system\Database\MigrationRunner.php(868): App\Database\Migrations\Karyawan->up()
#6 C:\Users\user\Documents\sisteminformasibengkel\sisteminformasibengkel\vendor\codeigniter4\framework\system\Database\MigrationRunner.php(187): CodeIgniter\Database\MigrationRunner->migrate('up', Object(stdClass))
#7 C:\Users\user\Documents\sisteminformasibengkel\sisteminformasibengkel\vendor\codeigniter4\framework\system\Commands\Database\Migrate.php(84): CodeIgniter\Database\MigrationRunner->latest(NULL)
#8 C:\Users\user\Documents\sisteminformasibengkel\sisteminformasibengkel\vendor\codeigniter4\framework\system\CLI\Commands.php(63): CodeIgniter\Commands\Database\Migrate->run(Array)
#9 C:\Users\user\Documents\sisteminformasibengkel\sisteminformasibengkel\vendor\codeigniter4\framework\system\CLI\CommandRunner.php(65): CodeIgniter\CLI\Commands->run('migrate', Array)
#10 C:\Users\user\Documents\sisteminformasibengkel\sisteminformasibengkel\vendor\codeigniter4\framework\system\CLI\CommandRunner.php(51): CodeIgniter\CLI\CommandRunner->index(Array)
#11 C:\Users\user\Documents\sisteminformasibengkel\sisteminformasibengkel\vendor\codeigniter4\framework\system\CodeIgniter.php(895): CodeIgniter\CLI\CommandRunner->_remap('index', Array)
#12 C:\Users\user\Documents\sisteminformasibengkel\sisteminformasibengkel\vendor\codeigniter4\framework\system\CodeIgniter.php(457): CodeIgniter\CodeIgniter->runController(Object(CodeIgniter\CLI\CommandRunner))
#13 C:\Users\user\Documents\sisteminformasibengkel\sisteminformasibengkel\vendor\codeigniter4\framework\system\CodeIgniter.php(336): CodeIgniter\CodeIgniter->handleRequest(NULL, Object(Config\Cache), false)
#14 C:\Users\user\Documents\sisteminformasibengkel\sisteminformasibengkel\vendor\codeigniter4\framework\system\CLI\Console.php(48): CodeIgniter\CodeIgniter->run()
#15 C:\Users\user\Documents\sisteminformasibengkel\sisteminformasibengkel\spark(98): CodeIgniter\CLI\Console->run()
#16 {main}
ERROR - 2022-10-20 05:30:20 --> mysqli_sql_exception: You have an error in your SQL syntax; check the manual that corresponds to your MariaDB server version for the right syntax to use near '(255) NOT NULL,
	`created_at` datetime NOT NULL,
	`updated_at` datetime NOT N...' at line 11 in C:\Users\user\Documents\sisteminformasibengkel\sisteminformasibengkel\vendor\codeigniter4\framework\system\Database\MySQLi\Connection.php:292
Stack trace:
#0 C:\Users\user\Documents\sisteminformasibengkel\sisteminformasibengkel\vendor\codeigniter4\framework\system\Database\MySQLi\Connection.php(292): mysqli->query('CREATE TABLE `k...', 0)
#1 C:\Users\user\Documents\sisteminformasibengkel\sisteminformasibengkel\vendor\codeigniter4\framework\system\Database\BaseConnection.php(693): CodeIgniter\Database\MySQLi\Connection->execute('CREATE TABLE `k...')
#2 C:\Users\user\Documents\sisteminformasibengkel\sisteminformasibengkel\vendor\codeigniter4\framework\system\Database\BaseConnection.php(620): CodeIgniter\Database\BaseConnection->simpleQuery('CREATE TABLE `k...')
#3 C:\Users\user\Documents\sisteminformasibengkel\sisteminformasibengkel\vendor\codeigniter4\framework\system\Database\Forge.php(509): CodeIgniter\Database\BaseConnection->query('CREATE TABLE `k...')
#4 C:\Users\user\Documents\sisteminformasibengkel\sisteminformasibengkel\app\Database\Migrations\2022-10-13-091909_Karyawan.php(28): CodeIgniter\Database\Forge->createTable('karyawan')
#5 C:\Users\user\Documents\sisteminformasibengkel\sisteminformasibengkel\vendor\codeigniter4\framework\system\Database\MigrationRunner.php(868): App\Database\Migrations\Karyawan->up()
#6 C:\Users\user\Documents\sisteminformasibengkel\sisteminformasibengkel\vendor\codeigniter4\framework\system\Database\MigrationRunner.php(187): CodeIgniter\Database\MigrationRunner->migrate('up', Object(stdClass))
#7 C:\Users\user\Documents\sisteminformasibengkel\sisteminformasibengkel\vendor\codeigniter4\framework\system\Commands\Database\Migrate.php(84): CodeIgniter\Database\MigrationRunner->latest(NULL)
#8 C:\Users\user\Documents\sisteminformasibengkel\sisteminformasibengkel\vendor\codeigniter4\framework\system\CLI\Commands.php(63): CodeIgniter\Commands\Database\Migrate->run(Array)
#9 C:\Users\user\Documents\sisteminformasibengkel\sisteminformasibengkel\vendor\codeigniter4\framework\system\CLI\CommandRunner.php(65): CodeIgniter\CLI\Commands->run('migrate', Array)
#10 C:\Users\user\Documents\sisteminformasibengkel\sisteminformasibengkel\vendor\codeigniter4\framework\system\CLI\CommandRunner.php(51): CodeIgniter\CLI\CommandRunner->index(Array)
#11 C:\Users\user\Documents\sisteminformasibengkel\sisteminformasibengkel\vendor\codeigniter4\framework\system\CodeIgniter.php(895): CodeIgniter\CLI\CommandRunner->_remap('index', Array)
#12 C:\Users\user\Documents\sisteminformasibengkel\sisteminformasibengkel\vendor\codeigniter4\framework\system\CodeIgniter.php(457): CodeIgniter\CodeIgniter->runController(Object(CodeIgniter\CLI\CommandRunner))
#13 C:\Users\user\Documents\sisteminformasibengkel\sisteminformasibengkel\vendor\codeigniter4\framework\system\CodeIgniter.php(336): CodeIgniter\CodeIgniter->handleRequest(NULL, Object(Config\Cache), false)
#14 C:\Users\user\Documents\sisteminformasibengkel\sisteminformasibengkel\vendor\codeigniter4\framework\system\CLI\Console.php(48): CodeIgniter\CodeIgniter->run()
#15 C:\Users\user\Documents\sisteminformasibengkel\sisteminformasibengkel\spark(98): CodeIgniter\CLI\Console->run()
#16 {main}
ERROR - 2022-10-20 05:35:13 --> mysqli_sql_exception: You have an error in your SQL syntax; check the manual that corresponds to your MariaDB server version for the right syntax to use near '(255) NOT NULL,
	`created_at` datetime NOT NULL,
	`updated_at` datetime NOT N...' at line 11 in C:\Users\user\Documents\sisteminformasibengkel\sisteminformasibengkel\vendor\codeigniter4\framework\system\Database\MySQLi\Connection.php:292
Stack trace:
#0 C:\Users\user\Documents\sisteminformasibengkel\sisteminformasibengkel\vendor\codeigniter4\framework\system\Database\MySQLi\Connection.php(292): mysqli->query('CREATE TABLE `k...', 0)
#1 C:\Users\user\Documents\sisteminformasibengkel\sisteminformasibengkel\vendor\codeigniter4\framework\system\Database\BaseConnection.php(693): CodeIgniter\Database\MySQLi\Connection->execute('CREATE TABLE `k...')
#2 C:\Users\user\Documents\sisteminformasibengkel\sisteminformasibengkel\vendor\codeigniter4\framework\system\Database\BaseConnection.php(620): CodeIgniter\Database\BaseConnection->simpleQuery('CREATE TABLE `k...')
#3 C:\Users\user\Documents\sisteminformasibengkel\sisteminformasibengkel\vendor\codeigniter4\framework\system\Database\Forge.php(509): CodeIgniter\Database\BaseConnection->query('CREATE TABLE `k...')
#4 C:\Users\user\Documents\sisteminformasibengkel\sisteminformasibengkel\app\Database\Migrations\2022-10-13-091909_Karyawan.php(28): CodeIgniter\Database\Forge->createTable('karyawan')
#5 C:\Users\user\Documents\sisteminformasibengkel\sisteminformasibengkel\vendor\codeigniter4\framework\system\Database\MigrationRunner.php(868): App\Database\Migrations\Karyawan->up()
#6 C:\Users\user\Documents\sisteminformasibengkel\sisteminformasibengkel\vendor\codeigniter4\framework\system\Database\MigrationRunner.php(187): CodeIgniter\Database\MigrationRunner->migrate('up', Object(stdClass))
#7 C:\Users\user\Documents\sisteminformasibengkel\sisteminformasibengkel\vendor\codeigniter4\framework\system\Commands\Database\Migrate.php(84): CodeIgniter\Database\MigrationRunner->latest(NULL)
#8 C:\Users\user\Documents\sisteminformasibengkel\sisteminformasibengkel\vendor\codeigniter4\framework\system\CLI\Commands.php(63): CodeIgniter\Commands\Database\Migrate->run(Array)
#9 C:\Users\user\Documents\sisteminformasibengkel\sisteminformasibengkel\vendor\codeigniter4\framework\system\CLI\CommandRunner.php(65): CodeIgniter\CLI\Commands->run('migrate', Array)
#10 C:\Users\user\Documents\sisteminformasibengkel\sisteminformasibengkel\vendor\codeigniter4\framework\system\CLI\CommandRunner.php(51): CodeIgniter\CLI\CommandRunner->index(Array)
#11 C:\Users\user\Documents\sisteminformasibengkel\sisteminformasibengkel\vendor\codeigniter4\framework\system\CodeIgniter.php(895): CodeIgniter\CLI\CommandRunner->_remap('index', Array)
#12 C:\Users\user\Documents\sisteminformasibengkel\sisteminformasibengkel\vendor\codeigniter4\framework\system\CodeIgniter.php(457): CodeIgniter\CodeIgniter->runController(Object(CodeIgniter\CLI\CommandRunner))
#13 C:\Users\user\Documents\sisteminformasibengkel\sisteminformasibengkel\vendor\codeigniter4\framework\system\CodeIgniter.php(336): CodeIgniter\CodeIgniter->handleRequest(NULL, Object(Config\Cache), false)
#14 C:\Users\user\Documents\sisteminformasibengkel\sisteminformasibengkel\vendor\codeigniter4\framework\system\CLI\Console.php(48): CodeIgniter\CodeIgniter->run()
#15 C:\Users\user\Documents\sisteminformasibengkel\sisteminformasibengkel\spark(98): CodeIgniter\CLI\Console->run()
#16 {main}
ERROR - 2022-10-20 05:39:51 --> mysqli_sql_exception: You have an error in your SQL syntax; check the manual that corresponds to your MariaDB server version for the right syntax to use near '(255) NOT NULL,
	`created_at` datetime NOT NULL,
	`updated_at` datetime NOT N...' at line 11 in C:\Users\user\Documents\sisteminformasibengkel\sisteminformasibengkel\vendor\codeigniter4\framework\system\Database\MySQLi\Connection.php:292
Stack trace:
#0 C:\Users\user\Documents\sisteminformasibengkel\sisteminformasibengkel\vendor\codeigniter4\framework\system\Database\MySQLi\Connection.php(292): mysqli->query('CREATE TABLE `k...', 0)
#1 C:\Users\user\Documents\sisteminformasibengkel\sisteminformasibengkel\vendor\codeigniter4\framework\system\Database\BaseConnection.php(693): CodeIgniter\Database\MySQLi\Connection->execute('CREATE TABLE `k...')
#2 C:\Users\user\Documents\sisteminformasibengkel\sisteminformasibengkel\vendor\codeigniter4\framework\system\Database\BaseConnection.php(620): CodeIgniter\Database\BaseConnection->simpleQuery('CREATE TABLE `k...')
#3 C:\Users\user\Documents\sisteminformasibengkel\sisteminformasibengkel\vendor\codeigniter4\framework\system\Database\Forge.php(509): CodeIgniter\Database\BaseConnection->query('CREATE TABLE `k...')
#4 C:\Users\user\Documents\sisteminformasibengkel\sisteminformasibengkel\app\Database\Migrations\2022-10-13-091909_Karyawan.php(28): CodeIgniter\Database\Forge->createTable('karyawan')
#5 C:\Users\user\Documents\sisteminformasibengkel\sisteminformasibengkel\vendor\codeigniter4\framework\system\Database\MigrationRunner.php(868): App\Database\Migrations\Karyawan->up()
#6 C:\Users\user\Documents\sisteminformasibengkel\sisteminformasibengkel\vendor\codeigniter4\framework\system\Database\MigrationRunner.php(187): CodeIgniter\Database\MigrationRunner->migrate('up', Object(stdClass))
#7 C:\Users\user\Documents\sisteminformasibengkel\sisteminformasibengkel\vendor\codeigniter4\framework\system\Commands\Database\Migrate.php(84): CodeIgniter\Database\MigrationRunner->latest(NULL)
#8 C:\Users\user\Documents\sisteminformasibengkel\sisteminformasibengkel\vendor\codeigniter4\framework\system\CLI\Commands.php(63): CodeIgniter\Commands\Database\Migrate->run(Array)
#9 C:\Users\user\Documents\sisteminformasibengkel\sisteminformasibengkel\vendor\codeigniter4\framework\system\CLI\CommandRunner.php(65): CodeIgniter\CLI\Commands->run('migrate', Array)
#10 C:\Users\user\Documents\sisteminformasibengkel\sisteminformasibengkel\vendor\codeigniter4\framework\system\CLI\CommandRunner.php(51): CodeIgniter\CLI\CommandRunner->index(Array)
#11 C:\Users\user\Documents\sisteminformasibengkel\sisteminformasibengkel\vendor\codeigniter4\framework\system\CodeIgniter.php(895): CodeIgniter\CLI\CommandRunner->_remap('index', Array)
#12 C:\Users\user\Documents\sisteminformasibengkel\sisteminformasibengkel\vendor\codeigniter4\framework\system\CodeIgniter.php(457): CodeIgniter\CodeIgniter->runController(Object(CodeIgniter\CLI\CommandRunner))
#13 C:\Users\user\Documents\sisteminformasibengkel\sisteminformasibengkel\vendor\codeigniter4\framework\system\CodeIgniter.php(336): CodeIgniter\CodeIgniter->handleRequest(NULL, Object(Config\Cache), false)
#14 C:\Users\user\Documents\sisteminformasibengkel\sisteminformasibengkel\vendor\codeigniter4\framework\system\CLI\Console.php(48): CodeIgniter\CodeIgniter->run()
#15 C:\Users\user\Documents\sisteminformasibengkel\sisteminformasibengkel\spark(98): CodeIgniter\CLI\Console->run()
#16 {main}
ERROR - 2022-10-20 06:19:46 --> mysqli_sql_exception: Duplicate entry '0' for key 'PRIMARY' in C:\Users\user\Documents\sisteminformasibengkel\sisteminformasibengkel\vendor\codeigniter4\framework\system\Database\MySQLi\Connection.php:292
Stack trace:
#0 C:\Users\user\Documents\sisteminformasibengkel\sisteminformasibengkel\vendor\codeigniter4\framework\system\Database\MySQLi\Connection.php(292): mysqli->query('INSERT INTO `un...', 0)
#1 C:\Users\user\Documents\sisteminformasibengkel\sisteminformasibengkel\vendor\codeigniter4\framework\system\Database\BaseConnection.php(693): CodeIgniter\Database\MySQLi\Connection->execute('INSERT INTO `un...')
#2 C:\Users\user\Documents\sisteminformasibengkel\sisteminformasibengkel\vendor\codeigniter4\framework\system\Database\BaseConnection.php(620): CodeIgniter\Database\BaseConnection->simpleQuery('INSERT INTO `un...')
#3 C:\Users\user\Documents\sisteminformasibengkel\sisteminformasibengkel\vendor\codeigniter4\framework\system\Database\BaseBuilder.php(1916): CodeIgniter\Database\BaseConnection->query('INSERT INTO `un...', Array, false)
#4 C:\Users\user\Documents\sisteminformasibengkel\sisteminformasibengkel\vendor\codeigniter4\framework\system\Model.php(279): CodeIgniter\Database\BaseBuilder->insert()
#5 C:\Users\user\Documents\sisteminformasibengkel\sisteminformasibengkel\vendor\codeigniter4\framework\system\BaseModel.php(748): CodeIgniter\Model->doInsert(Array)
#6 C:\Users\user\Documents\sisteminformasibengkel\sisteminformasibengkel\vendor\codeigniter4\framework\system\Model.php(667): CodeIgniter\BaseModel->insert(Array, true)
#7 C:\Users\user\Documents\sisteminformasibengkel\sisteminformasibengkel\app\Database\Seeds\UnitSatuanSeeder.php(13): CodeIgniter\Model->insert(Array)
#8 C:\Users\user\Documents\sisteminformasibengkel\sisteminformasibengkel\vendor\codeigniter4\framework\system\Database\Seeder.php(145): App\Database\Seeds\UnitSatuanSeeder->run()
#9 C:\Users\user\Documents\sisteminformasibengkel\sisteminformasibengkel\vendor\codeigniter4\framework\system\Commands\Database\Seed.php(77): CodeIgniter\Database\Seeder->call('App\\Database\\Se...')
#10 C:\Users\user\Documents\sisteminformasibengkel\sisteminformasibengkel\vendor\codeigniter4\framework\system\CLI\Commands.php(63): CodeIgniter\Commands\Database\Seed->run(Array)
#11 C:\Users\user\Documents\sisteminformasibengkel\sisteminformasibengkel\vendor\codeigniter4\framework\system\CLI\CommandRunner.php(65): CodeIgniter\CLI\Commands->run('db:seed', Array)
#12 C:\Users\user\Documents\sisteminformasibengkel\sisteminformasibengkel\vendor\codeigniter4\framework\system\CLI\CommandRunner.php(51): CodeIgniter\CLI\CommandRunner->index(Array)
#13 C:\Users\user\Documents\sisteminformasibengkel\sisteminformasibengkel\vendor\codeigniter4\framework\system\CodeIgniter.php(895): CodeIgniter\CLI\CommandRunner->_remap('index', Array)
#14 C:\Users\user\Documents\sisteminformasibengkel\sisteminformasibengkel\vendor\codeigniter4\framework\system\CodeIgniter.php(457): CodeIgniter\CodeIgniter->runController(Object(CodeIgniter\CLI\CommandRunner))
#15 C:\Users\user\Documents\sisteminformasibengkel\sisteminformasibengkel\vendor\codeigniter4\framework\system\CodeIgniter.php(336): CodeIgniter\CodeIgniter->handleRequest(NULL, Object(Config\Cache), false)
#16 C:\Users\user\Documents\sisteminformasibengkel\sisteminformasibengkel\vendor\codeigniter4\framework\system\CLI\Console.php(48): CodeIgniter\CodeIgniter->run()
#17 C:\Users\user\Documents\sisteminformasibengkel\sisteminformasibengkel\spark(98): CodeIgniter\CLI\Console->run()
#18 {main}
ERROR - 2022-10-20 06:20:48 --> mysqli_sql_exception: Duplicate entry '0' for key 'PRIMARY' in C:\Users\user\Documents\sisteminformasibengkel\sisteminformasibengkel\vendor\codeigniter4\framework\system\Database\MySQLi\Connection.php:292
Stack trace:
#0 C:\Users\user\Documents\sisteminformasibengkel\sisteminformasibengkel\vendor\codeigniter4\framework\system\Database\MySQLi\Connection.php(292): mysqli->query('INSERT INTO `un...', 0)
#1 C:\Users\user\Documents\sisteminformasibengkel\sisteminformasibengkel\vendor\codeigniter4\framework\system\Database\BaseConnection.php(693): CodeIgniter\Database\MySQLi\Connection->execute('INSERT INTO `un...')
#2 C:\Users\user\Documents\sisteminformasibengkel\sisteminformasibengkel\vendor\codeigniter4\framework\system\Database\BaseConnection.php(620): CodeIgniter\Database\BaseConnection->simpleQuery('INSERT INTO `un...')
#3 C:\Users\user\Documents\sisteminformasibengkel\sisteminformasibengkel\vendor\codeigniter4\framework\system\Database\BaseBuilder.php(1916): CodeIgniter\Database\BaseConnection->query('INSERT INTO `un...', Array, false)
#4 C:\Users\user\Documents\sisteminformasibengkel\sisteminformasibengkel\vendor\codeigniter4\framework\system\Model.php(279): CodeIgniter\Database\BaseBuilder->insert()
#5 C:\Users\user\Documents\sisteminformasibengkel\sisteminformasibengkel\vendor\codeigniter4\framework\system\BaseModel.php(748): CodeIgniter\Model->doInsert(Array)
#6 C:\Users\user\Documents\sisteminformasibengkel\sisteminformasibengkel\vendor\codeigniter4\framework\system\Model.php(667): CodeIgniter\BaseModel->insert(Array, true)
#7 C:\Users\user\Documents\sisteminformasibengkel\sisteminformasibengkel\app\Database\Seeds\UnitSatuanSeeder.php(13): CodeIgniter\Model->insert(Array)
#8 C:\Users\user\Documents\sisteminformasibengkel\sisteminformasibengkel\vendor\codeigniter4\framework\system\Database\Seeder.php(145): App\Database\Seeds\UnitSatuanSeeder->run()
#9 C:\Users\user\Documents\sisteminformasibengkel\sisteminformasibengkel\vendor\codeigniter4\framework\system\Commands\Database\Seed.php(77): CodeIgniter\Database\Seeder->call('App\\Database\\Se...')
#10 C:\Users\user\Documents\sisteminformasibengkel\sisteminformasibengkel\vendor\codeigniter4\framework\system\CLI\Commands.php(63): CodeIgniter\Commands\Database\Seed->run(Array)
#11 C:\Users\user\Documents\sisteminformasibengkel\sisteminformasibengkel\vendor\codeigniter4\framework\system\CLI\CommandRunner.php(65): CodeIgniter\CLI\Commands->run('db:seed', Array)
#12 C:\Users\user\Documents\sisteminformasibengkel\sisteminformasibengkel\vendor\codeigniter4\framework\system\CLI\CommandRunner.php(51): CodeIgniter\CLI\CommandRunner->index(Array)
#13 C:\Users\user\Documents\sisteminformasibengkel\sisteminformasibengkel\vendor\codeigniter4\framework\system\CodeIgniter.php(895): CodeIgniter\CLI\CommandRunner->_remap('index', Array)
#14 C:\Users\user\Documents\sisteminformasibengkel\sisteminformasibengkel\vendor\codeigniter4\framework\system\CodeIgniter.php(457): CodeIgniter\CodeIgniter->runController(Object(CodeIgniter\CLI\CommandRunner))
#15 C:\Users\user\Documents\sisteminformasibengkel\sisteminformasibengkel\vendor\codeigniter4\framework\system\CodeIgniter.php(336): CodeIgniter\CodeIgniter->handleRequest(NULL, Object(Config\Cache), false)
#16 C:\Users\user\Documents\sisteminformasibengkel\sisteminformasibengkel\vendor\codeigniter4\framework\system\CLI\Console.php(48): CodeIgniter\CodeIgniter->run()
#17 C:\Users\user\Documents\sisteminformasibengkel\sisteminformasibengkel\spark(98): CodeIgniter\CLI\Console->run()
#18 {main}
ERROR - 2022-10-20 06:41:15 --> mysqli_sql_exception: Table 'bengkel.pembayaran' doesn't exist in C:\Users\user\Documents\sisteminformasibengkel\sisteminformasibengkel\vendor\codeigniter4\framework\system\Database\MySQLi\Connection.php:292
Stack trace:
#0 C:\Users\user\Documents\sisteminformasibengkel\sisteminformasibengkel\vendor\codeigniter4\framework\system\Database\MySQLi\Connection.php(292): mysqli->query('INSERT INTO `pe...', 0)
#1 C:\Users\user\Documents\sisteminformasibengkel\sisteminformasibengkel\vendor\codeigniter4\framework\system\Database\BaseConnection.php(693): CodeIgniter\Database\MySQLi\Connection->execute('INSERT INTO `pe...')
#2 C:\Users\user\Documents\sisteminformasibengkel\sisteminformasibengkel\vendor\codeigniter4\framework\system\Database\BaseConnection.php(620): CodeIgniter\Database\BaseConnection->simpleQuery('INSERT INTO `pe...')
#3 C:\Users\user\Documents\sisteminformasibengkel\sisteminformasibengkel\vendor\codeigniter4\framework\system\Database\BaseBuilder.php(1916): CodeIgniter\Database\BaseConnection->query('INSERT INTO `pe...', Array, false)
#4 C:\Users\user\Documents\sisteminformasibengkel\sisteminformasibengkel\vendor\codeigniter4\framework\system\Model.php(279): CodeIgniter\Database\BaseBuilder->insert()
#5 C:\Users\user\Documents\sisteminformasibengkel\sisteminformasibengkel\vendor\codeigniter4\framework\system\BaseModel.php(748): CodeIgniter\Model->doInsert(Array)
#6 C:\Users\user\Documents\sisteminformasibengkel\sisteminformasibengkel\vendor\codeigniter4\framework\system\Model.php(667): CodeIgniter\BaseModel->insert(Array, true)
#7 C:\Users\user\Documents\sisteminformasibengkel\sisteminformasibengkel\app\Database\Seeds\PembayaranSeeder.php(13): CodeIgniter\Model->insert(Array)
#8 C:\Users\user\Documents\sisteminformasibengkel\sisteminformasibengkel\vendor\codeigniter4\framework\system\Database\Seeder.php(145): App\Database\Seeds\PembayaranSeeder->run()
#9 C:\Users\user\Documents\sisteminformasibengkel\sisteminformasibengkel\vendor\codeigniter4\framework\system\Commands\Database\Seed.php(77): CodeIgniter\Database\Seeder->call('App\\Database\\Se...')
#10 C:\Users\user\Documents\sisteminformasibengkel\sisteminformasibengkel\vendor\codeigniter4\framework\system\CLI\Commands.php(63): CodeIgniter\Commands\Database\Seed->run(Array)
#11 C:\Users\user\Documents\sisteminformasibengkel\sisteminformasibengkel\vendor\codeigniter4\framework\system\CLI\CommandRunner.php(65): CodeIgniter\CLI\Commands->run('db:seed', Array)
#12 C:\Users\user\Documents\sisteminformasibengkel\sisteminformasibengkel\vendor\codeigniter4\framework\system\CLI\CommandRunner.php(51): CodeIgniter\CLI\CommandRunner->index(Array)
#13 C:\Users\user\Documents\sisteminformasibengkel\sisteminformasibengkel\vendor\codeigniter4\framework\system\CodeIgniter.php(895): CodeIgniter\CLI\CommandRunner->_remap('index', Array)
#14 C:\Users\user\Documents\sisteminformasibengkel\sisteminformasibengkel\vendor\codeigniter4\framework\system\CodeIgniter.php(457): CodeIgniter\CodeIgniter->runController(Object(CodeIgniter\CLI\CommandRunner))
#15 C:\Users\user\Documents\sisteminformasibengkel\sisteminformasibengkel\vendor\codeigniter4\framework\system\CodeIgniter.php(336): CodeIgniter\CodeIgniter->handleRequest(NULL, Object(Config\Cache), false)
#16 C:\Users\user\Documents\sisteminformasibengkel\sisteminformasibengkel\vendor\codeigniter4\framework\system\CLI\Console.php(48): CodeIgniter\CodeIgniter->run()
#17 C:\Users\user\Documents\sisteminformasibengkel\sisteminformasibengkel\spark(98): CodeIgniter\CLI\Console->run()
#18 {main}
ERROR - 2022-10-20 06:51:39 --> mysqli_sql_exception: Table 'bengkel.pembayaran' doesn't exist in C:\Users\user\Documents\sisteminformasibengkel\sisteminformasibengkel\vendor\codeigniter4\framework\system\Database\MySQLi\Connection.php:292
Stack trace:
#0 C:\Users\user\Documents\sisteminformasibengkel\sisteminformasibengkel\vendor\codeigniter4\framework\system\Database\MySQLi\Connection.php(292): mysqli->query('INSERT INTO `pe...', 0)
#1 C:\Users\user\Documents\sisteminformasibengkel\sisteminformasibengkel\vendor\codeigniter4\framework\system\Database\BaseConnection.php(693): CodeIgniter\Database\MySQLi\Connection->execute('INSERT INTO `pe...')
#2 C:\Users\user\Documents\sisteminformasibengkel\sisteminformasibengkel\vendor\codeigniter4\framework\system\Database\BaseConnection.php(620): CodeIgniter\Database\BaseConnection->simpleQuery('INSERT INTO `pe...')
#3 C:\Users\user\Documents\sisteminformasibengkel\sisteminformasibengkel\vendor\codeigniter4\framework\system\Database\BaseBuilder.php(1916): CodeIgniter\Database\BaseConnection->query('INSERT INTO `pe...', Array, false)
#4 C:\Users\user\Documents\sisteminformasibengkel\sisteminformasibengkel\vendor\codeigniter4\framework\system\Model.php(279): CodeIgniter\Database\BaseBuilder->insert()
#5 C:\Users\user\Documents\sisteminformasibengkel\sisteminformasibengkel\vendor\codeigniter4\framework\system\BaseModel.php(748): CodeIgniter\Model->doInsert(Array)
#6 C:\Users\user\Documents\sisteminformasibengkel\sisteminformasibengkel\vendor\codeigniter4\framework\system\Model.php(667): CodeIgniter\BaseModel->insert(Array, true)
#7 C:\Users\user\Documents\sisteminformasibengkel\sisteminformasibengkel\app\Database\Seeds\TabelPembayaranSeeder.php(13): CodeIgniter\Model->insert(Array)
#8 C:\Users\user\Documents\sisteminformasibengkel\sisteminformasibengkel\vendor\codeigniter4\framework\system\Database\Seeder.php(145): App\Database\Seeds\TabelPembayaranSeeder->run()
#9 C:\Users\user\Documents\sisteminformasibengkel\sisteminformasibengkel\vendor\codeigniter4\framework\system\Commands\Database\Seed.php(77): CodeIgniter\Database\Seeder->call('App\\Database\\Se...')
#10 C:\Users\user\Documents\sisteminformasibengkel\sisteminformasibengkel\vendor\codeigniter4\framework\system\CLI\Commands.php(63): CodeIgniter\Commands\Database\Seed->run(Array)
#11 C:\Users\user\Documents\sisteminformasibengkel\sisteminformasibengkel\vendor\codeigniter4\framework\system\CLI\CommandRunner.php(65): CodeIgniter\CLI\Commands->run('db:seed', Array)
#12 C:\Users\user\Documents\sisteminformasibengkel\sisteminformasibengkel\vendor\codeigniter4\framework\system\CLI\CommandRunner.php(51): CodeIgniter\CLI\CommandRunner->index(Array)
#13 C:\Users\user\Documents\sisteminformasibengkel\sisteminformasibengkel\vendor\codeigniter4\framework\system\CodeIgniter.php(895): CodeIgniter\CLI\CommandRunner->_remap('index', Array)
#14 C:\Users\user\Documents\sisteminformasibengkel\sisteminformasibengkel\vendor\codeigniter4\framework\system\CodeIgniter.php(457): CodeIgniter\CodeIgniter->runController(Object(CodeIgniter\CLI\CommandRunner))
#15 C:\Users\user\Documents\sisteminformasibengkel\sisteminformasibengkel\vendor\codeigniter4\framework\system\CodeIgniter.php(336): CodeIgniter\CodeIgniter->handleRequest(NULL, Object(Config\Cache), false)
#16 C:\Users\user\Documents\sisteminformasibengkel\sisteminformasibengkel\vendor\codeigniter4\framework\system\CLI\Console.php(48): CodeIgniter\CodeIgniter->run()
#17 C:\Users\user\Documents\sisteminformasibengkel\sisteminformasibengkel\spark(98): CodeIgniter\CLI\Console->run()
#18 {main}
