ERROR - 2022-10-13 01:09:47 --> mysqli_sql_exception: You have an error in your SQL syntax; check the manual that corresponds to your MariaDB server version for the right syntax to use near 'NOT NULL,
	`gender` enum("L", "P") NOT NULL,
	`alamat` varchar(100) NOT NULL,...' at line 4 in C:\Users\user\Documents\sisteminformasibengkel\sisteminformasibengkel\vendor\codeigniter4\framework\system\Database\MySQLi\Connection.php:292
Stack trace:
#0 C:\Users\user\Documents\sisteminformasibengkel\sisteminformasibengkel\vendor\codeigniter4\framework\system\Database\MySQLi\Connection.php(292): mysqli->query('CREATE TABLE `p...', 0)
#1 C:\Users\user\Documents\sisteminformasibengkel\sisteminformasibengkel\vendor\codeigniter4\framework\system\Database\BaseConnection.php(693): CodeIgniter\Database\MySQLi\Connection->execute('CREATE TABLE `p...')
#2 C:\Users\user\Documents\sisteminformasibengkel\sisteminformasibengkel\vendor\codeigniter4\framework\system\Database\BaseConnection.php(620): CodeIgniter\Database\BaseConnection->simpleQuery('CREATE TABLE `p...')
#3 C:\Users\user\Documents\sisteminformasibengkel\sisteminformasibengkel\vendor\codeigniter4\framework\system\Database\Forge.php(509): CodeIgniter\Database\BaseConnection->query('CREATE TABLE `p...')
#4 C:\Users\user\Documents\sisteminformasibengkel\sisteminformasibengkel\app\Database\Migrations\2022-10-13-060607_Pelanggan.php(28): CodeIgniter\Database\Forge->createTable('pelanggan')
#5 C:\Users\user\Documents\sisteminformasibengkel\sisteminformasibengkel\vendor\codeigniter4\framework\system\Database\MigrationRunner.php(868): App\Database\Migrations\Pelanggan->up()
#6 C:\Users\user\Documents\sisteminformasibengkel\sisteminformasibengkel\vendor\codeigniter4\framework\system\Database\MigrationRunner.php(187): CodeIgniter\Database\MigrationRunner->migrate('up', Object(stdClass))
#7 C:\Users\user\Documents\sisteminformasibengkel\sisteminformasibengkel\vendor\codeigniter4\framework\system\Commands\Database\Migrate.php(84): CodeIgniter\Database\MigrationRunner->latest(NULL)
#8 C:\Users\user\Documents\sisteminformasibengkel\sisteminformasibengkel\vendor\codeigniter4\framework\system\CLI\Commands.php(63): CodeIgniter\Commands\Database\Migrate->run(Array)
#9 C:\Users\user\Documents\sisteminformasibengkel\sisteminformasibengkel\vendor\codeigniter4\framework\system\CLI\CommandRunner.php(65): CodeIgniter\CLI\Commands->run('migrate', Array)
#10 C:\Users\user\Documents\sisteminformasibengkel\sisteminformasibengkel\vendor\codeigniter4\framework\system\CLI\CommandRunner.php(51): CodeIgniter\CLI\CommandRunner->index(Array)
#11 C:\Users\user\Documents\sisteminformasibengkel\sisteminformasibengkel\vendor\codeigniter4\framework\system\CodeIgniter.php(895): CodeIgniter\CLI\CommandRunner->_remap('index', Array)
#12 C:\Users\user\Documents\sisteminformasibengkel\sisteminformasibengkel\vendor\codeigniter4\framework\system\CodeIgniter.php(457): CodeIgniter\CodeIgniter->runController(Object(CodeIgniter\CLI\CommandRunner))
#13 C:\Users\user\Documents\sisteminformasibengkel\sisteminformasibengkel\vendor\codeigniter4\framework\system\CodeIgniter.php(336): CodeIgniter\CodeIgniter->handleRequest(NULL, Object(Config\Cache), false)
#14 C:\Users\user\Documents\sisteminformasibengkel\sisteminformasibengkel\vendor\codeigniter4\framework\system\CLI\Console.php(48): CodeIgniter\CodeIgniter->run()
#15 C:\Users\user\Documents\sisteminformasibengkel\sisteminformasibengkel\spark(98): CodeIgniter\CLI\Console->run()
#16 {main}
ERROR - 2022-10-13 01:11:21 --> mysqli_sql_exception: Unknown table 'bengkel.pelanggan' in C:\Users\user\Documents\sisteminformasibengkel\sisteminformasibengkel\vendor\codeigniter4\framework\system\Database\MySQLi\Connection.php:292
Stack trace:
#0 C:\Users\user\Documents\sisteminformasibengkel\sisteminformasibengkel\vendor\codeigniter4\framework\system\Database\MySQLi\Connection.php(292): mysqli->query('DROP TABLE `pel...', 0)
#1 C:\Users\user\Documents\sisteminformasibengkel\sisteminformasibengkel\vendor\codeigniter4\framework\system\Database\BaseConnection.php(693): CodeIgniter\Database\MySQLi\Connection->execute('DROP TABLE `pel...')
#2 C:\Users\user\Documents\sisteminformasibengkel\sisteminformasibengkel\vendor\codeigniter4\framework\system\Database\BaseConnection.php(620): CodeIgniter\Database\BaseConnection->simpleQuery('DROP TABLE `pel...')
#3 C:\Users\user\Documents\sisteminformasibengkel\sisteminformasibengkel\vendor\codeigniter4\framework\system\Database\Forge.php(600): CodeIgniter\Database\BaseConnection->query('DROP TABLE `pel...')
#4 C:\Users\user\Documents\sisteminformasibengkel\sisteminformasibengkel\app\Database\Migrations\2022-10-13-060607_Pelanggan.php(33): CodeIgniter\Database\Forge->dropTable('pelanggan')
#5 C:\Users\user\Documents\sisteminformasibengkel\sisteminformasibengkel\vendor\codeigniter4\framework\system\Database\MigrationRunner.php(868): App\Database\Migrations\Pelanggan->down()
#6 C:\Users\user\Documents\sisteminformasibengkel\sisteminformasibengkel\vendor\codeigniter4\framework\system\Database\MigrationRunner.php(298): CodeIgniter\Database\MigrationRunner->migrate('down', Object(stdClass))
#7 C:\Users\user\Documents\sisteminformasibengkel\sisteminformasibengkel\vendor\codeigniter4\framework\system\Commands\Database\MigrateRollback.php(92): CodeIgniter\Database\MigrationRunner->regress(0)
#8 C:\Users\user\Documents\sisteminformasibengkel\sisteminformasibengkel\vendor\codeigniter4\framework\system\CLI\Commands.php(63): CodeIgniter\Commands\Database\MigrateRollback->run(Array)
#9 C:\Users\user\Documents\sisteminformasibengkel\sisteminformasibengkel\vendor\codeigniter4\framework\system\CLI\BaseCommand.php(112): CodeIgniter\CLI\Commands->run('migrate:rollbac...', Array)
#10 C:\Users\user\Documents\sisteminformasibengkel\sisteminformasibengkel\vendor\codeigniter4\framework\system\Commands\Database\MigrateRefresh.php(84): CodeIgniter\CLI\BaseCommand->call('migrate:rollbac...', Array)
#11 C:\Users\user\Documents\sisteminformasibengkel\sisteminformasibengkel\vendor\codeigniter4\framework\system\CLI\Commands.php(63): CodeIgniter\Commands\Database\MigrateRefresh->run(Array)
#12 C:\Users\user\Documents\sisteminformasibengkel\sisteminformasibengkel\vendor\codeigniter4\framework\system\CLI\CommandRunner.php(65): CodeIgniter\CLI\Commands->run('migrate:refresh', Array)
#13 C:\Users\user\Documents\sisteminformasibengkel\sisteminformasibengkel\vendor\codeigniter4\framework\system\CLI\CommandRunner.php(51): CodeIgniter\CLI\CommandRunner->index(Array)
#14 C:\Users\user\Documents\sisteminformasibengkel\sisteminformasibengkel\vendor\codeigniter4\framework\system\CodeIgniter.php(895): CodeIgniter\CLI\CommandRunner->_remap('index', Array)
#15 C:\Users\user\Documents\sisteminformasibengkel\sisteminformasibengkel\vendor\codeigniter4\framework\system\CodeIgniter.php(457): CodeIgniter\CodeIgniter->runController(Object(CodeIgniter\CLI\CommandRunner))
#16 C:\Users\user\Documents\sisteminformasibengkel\sisteminformasibengkel\vendor\codeigniter4\framework\system\CodeIgniter.php(336): CodeIgniter\CodeIgniter->handleRequest(NULL, Object(Config\Cache), false)
#17 C:\Users\user\Documents\sisteminformasibengkel\sisteminformasibengkel\vendor\codeigniter4\framework\system\CLI\Console.php(48): CodeIgniter\CodeIgniter->run()
#18 C:\Users\user\Documents\sisteminformasibengkel\sisteminformasibengkel\spark(98): CodeIgniter\CLI\Console->run()
#19 {main}
ERROR - 2022-10-13 01:21:33 --> mysqli_sql_exception: You have an error in your SQL syntax; check the manual that corresponds to your MariaDB server version for the right syntax to use near 'NOT NULL,
	`aktif` enum("Y", "T") NOT NULL,
	CONSTRAINT `pk_jeniskendaraan` P...' at line 3 in C:\Users\user\Documents\sisteminformasibengkel\sisteminformasibengkel\vendor\codeigniter4\framework\system\Database\MySQLi\Connection.php:292
Stack trace:
#0 C:\Users\user\Documents\sisteminformasibengkel\sisteminformasibengkel\vendor\codeigniter4\framework\system\Database\MySQLi\Connection.php(292): mysqli->query('CREATE TABLE `j...', 0)
#1 C:\Users\user\Documents\sisteminformasibengkel\sisteminformasibengkel\vendor\codeigniter4\framework\system\Database\BaseConnection.php(693): CodeIgniter\Database\MySQLi\Connection->execute('CREATE TABLE `j...')
#2 C:\Users\user\Documents\sisteminformasibengkel\sisteminformasibengkel\vendor\codeigniter4\framework\system\Database\BaseConnection.php(620): CodeIgniter\Database\BaseConnection->simpleQuery('CREATE TABLE `j...')
#3 C:\Users\user\Documents\sisteminformasibengkel\sisteminformasibengkel\vendor\codeigniter4\framework\system\Database\Forge.php(509): CodeIgniter\Database\BaseConnection->query('CREATE TABLE `j...')
#4 C:\Users\user\Documents\sisteminformasibengkel\sisteminformasibengkel\app\Database\Migrations\2022-10-13-061343_JenisKendaraan.php(18): CodeIgniter\Database\Forge->createTable('jeniskendaraan')
#5 C:\Users\user\Documents\sisteminformasibengkel\sisteminformasibengkel\vendor\codeigniter4\framework\system\Database\MigrationRunner.php(868): App\Database\Migrations\JenisKendaraan->up()
#6 C:\Users\user\Documents\sisteminformasibengkel\sisteminformasibengkel\vendor\codeigniter4\framework\system\Database\MigrationRunner.php(187): CodeIgniter\Database\MigrationRunner->migrate('up', Object(stdClass))
#7 C:\Users\user\Documents\sisteminformasibengkel\sisteminformasibengkel\vendor\codeigniter4\framework\system\Commands\Database\Migrate.php(84): CodeIgniter\Database\MigrationRunner->latest(NULL)
#8 C:\Users\user\Documents\sisteminformasibengkel\sisteminformasibengkel\vendor\codeigniter4\framework\system\CLI\Commands.php(63): CodeIgniter\Commands\Database\Migrate->run(Array)
#9 C:\Users\user\Documents\sisteminformasibengkel\sisteminformasibengkel\vendor\codeigniter4\framework\system\CLI\CommandRunner.php(65): CodeIgniter\CLI\Commands->run('migrate', Array)
#10 C:\Users\user\Documents\sisteminformasibengkel\sisteminformasibengkel\vendor\codeigniter4\framework\system\CLI\CommandRunner.php(51): CodeIgniter\CLI\CommandRunner->index(Array)
#11 C:\Users\user\Documents\sisteminformasibengkel\sisteminformasibengkel\vendor\codeigniter4\framework\system\CodeIgniter.php(895): CodeIgniter\CLI\CommandRunner->_remap('index', Array)
#12 C:\Users\user\Documents\sisteminformasibengkel\sisteminformasibengkel\vendor\codeigniter4\framework\system\CodeIgniter.php(457): CodeIgniter\CodeIgniter->runController(Object(CodeIgniter\CLI\CommandRunner))
#13 C:\Users\user\Documents\sisteminformasibengkel\sisteminformasibengkel\vendor\codeigniter4\framework\system\CodeIgniter.php(336): CodeIgniter\CodeIgniter->handleRequest(NULL, Object(Config\Cache), false)
#14 C:\Users\user\Documents\sisteminformasibengkel\sisteminformasibengkel\vendor\codeigniter4\framework\system\CLI\Console.php(48): CodeIgniter\CodeIgniter->run()
#15 C:\Users\user\Documents\sisteminformasibengkel\sisteminformasibengkel\spark(98): CodeIgniter\CLI\Console->run()
#16 {main}
ERROR - 2022-10-13 03:13:44 --> mysqli_sql_exception: Unknown table 'bengkel.jeniskendaraan' in C:\Users\user\Documents\sisteminformasibengkel\sisteminformasibengkel\vendor\codeigniter4\framework\system\Database\MySQLi\Connection.php:292
Stack trace:
#0 C:\Users\user\Documents\sisteminformasibengkel\sisteminformasibengkel\vendor\codeigniter4\framework\system\Database\MySQLi\Connection.php(292): mysqli->query('DROP TABLE `jen...', 0)
#1 C:\Users\user\Documents\sisteminformasibengkel\sisteminformasibengkel\vendor\codeigniter4\framework\system\Database\BaseConnection.php(693): CodeIgniter\Database\MySQLi\Connection->execute('DROP TABLE `jen...')
#2 C:\Users\user\Documents\sisteminformasibengkel\sisteminformasibengkel\vendor\codeigniter4\framework\system\Database\BaseConnection.php(620): CodeIgniter\Database\BaseConnection->simpleQuery('DROP TABLE `jen...')
#3 C:\Users\user\Documents\sisteminformasibengkel\sisteminformasibengkel\vendor\codeigniter4\framework\system\Database\Forge.php(600): CodeIgniter\Database\BaseConnection->query('DROP TABLE `jen...')
#4 C:\Users\user\Documents\sisteminformasibengkel\sisteminformasibengkel\app\Database\Migrations\2022-10-13-061343_JenisKendaraan.php(23): CodeIgniter\Database\Forge->dropTable('jeniskendaraan')
#5 C:\Users\user\Documents\sisteminformasibengkel\sisteminformasibengkel\vendor\codeigniter4\framework\system\Database\MigrationRunner.php(868): App\Database\Migrations\JenisKendaraan->down()
#6 C:\Users\user\Documents\sisteminformasibengkel\sisteminformasibengkel\vendor\codeigniter4\framework\system\Database\MigrationRunner.php(298): CodeIgniter\Database\MigrationRunner->migrate('down', Object(stdClass))
#7 C:\Users\user\Documents\sisteminformasibengkel\sisteminformasibengkel\vendor\codeigniter4\framework\system\Commands\Database\MigrateRollback.php(92): CodeIgniter\Database\MigrationRunner->regress(0)
#8 C:\Users\user\Documents\sisteminformasibengkel\sisteminformasibengkel\vendor\codeigniter4\framework\system\CLI\Commands.php(63): CodeIgniter\Commands\Database\MigrateRollback->run(Array)
#9 C:\Users\user\Documents\sisteminformasibengkel\sisteminformasibengkel\vendor\codeigniter4\framework\system\CLI\BaseCommand.php(112): CodeIgniter\CLI\Commands->run('migrate:rollbac...', Array)
#10 C:\Users\user\Documents\sisteminformasibengkel\sisteminformasibengkel\vendor\codeigniter4\framework\system\Commands\Database\MigrateRefresh.php(84): CodeIgniter\CLI\BaseCommand->call('migrate:rollbac...', Array)
#11 C:\Users\user\Documents\sisteminformasibengkel\sisteminformasibengkel\vendor\codeigniter4\framework\system\CLI\Commands.php(63): CodeIgniter\Commands\Database\MigrateRefresh->run(Array)
#12 C:\Users\user\Documents\sisteminformasibengkel\sisteminformasibengkel\vendor\codeigniter4\framework\system\CLI\CommandRunner.php(65): CodeIgniter\CLI\Commands->run('migrate:refresh', Array)
#13 C:\Users\user\Documents\sisteminformasibengkel\sisteminformasibengkel\vendor\codeigniter4\framework\system\CLI\CommandRunner.php(51): CodeIgniter\CLI\CommandRunner->index(Array)
#14 C:\Users\user\Documents\sisteminformasibengkel\sisteminformasibengkel\vendor\codeigniter4\framework\system\CodeIgniter.php(895): CodeIgniter\CLI\CommandRunner->_remap('index', Array)
#15 C:\Users\user\Documents\sisteminformasibengkel\sisteminformasibengkel\vendor\codeigniter4\framework\system\CodeIgniter.php(457): CodeIgniter\CodeIgniter->runController(Object(CodeIgniter\CLI\CommandRunner))
#16 C:\Users\user\Documents\sisteminformasibengkel\sisteminformasibengkel\vendor\codeigniter4\framework\system\CodeIgniter.php(336): CodeIgniter\CodeIgniter->handleRequest(NULL, Object(Config\Cache), false)
#17 C:\Users\user\Documents\sisteminformasibengkel\sisteminformasibengkel\vendor\codeigniter4\framework\system\CLI\Console.php(48): CodeIgniter\CodeIgniter->run()
#18 C:\Users\user\Documents\sisteminformasibengkel\sisteminformasibengkel\spark(98): CodeIgniter\CLI\Console->run()
#19 {main}
ERROR - 2022-10-13 03:33:13 --> mysqli_sql_exception: Invalid default value for 'urutan' in C:\Users\user\Documents\sisteminformasibengkel\sisteminformasibengkel\vendor\codeigniter4\framework\system\Database\MySQLi\Connection.php:292
Stack trace:
#0 C:\Users\user\Documents\sisteminformasibengkel\sisteminformasibengkel\vendor\codeigniter4\framework\system\Database\MySQLi\Connection.php(292): mysqli->query('CREATE TABLE `s...', 0)
#1 C:\Users\user\Documents\sisteminformasibengkel\sisteminformasibengkel\vendor\codeigniter4\framework\system\Database\BaseConnection.php(693): CodeIgniter\Database\MySQLi\Connection->execute('CREATE TABLE `s...')
#2 C:\Users\user\Documents\sisteminformasibengkel\sisteminformasibengkel\vendor\codeigniter4\framework\system\Database\BaseConnection.php(620): CodeIgniter\Database\BaseConnection->simpleQuery('CREATE TABLE `s...')
#3 C:\Users\user\Documents\sisteminformasibengkel\sisteminformasibengkel\vendor\codeigniter4\framework\system\Database\Forge.php(509): CodeIgniter\Database\BaseConnection->query('CREATE TABLE `s...')
#4 C:\Users\user\Documents\sisteminformasibengkel\sisteminformasibengkel\app\Database\Migrations\2022-10-13-082704_StatusPemeriksaan.php(20): CodeIgniter\Database\Forge->createTable('statuspemeriksa...')
#5 C:\Users\user\Documents\sisteminformasibengkel\sisteminformasibengkel\vendor\codeigniter4\framework\system\Database\MigrationRunner.php(868): App\Database\Migrations\StatusPemeriksaan->up()
#6 C:\Users\user\Documents\sisteminformasibengkel\sisteminformasibengkel\vendor\codeigniter4\framework\system\Database\MigrationRunner.php(187): CodeIgniter\Database\MigrationRunner->migrate('up', Object(stdClass))
#7 C:\Users\user\Documents\sisteminformasibengkel\sisteminformasibengkel\vendor\codeigniter4\framework\system\Commands\Database\Migrate.php(84): CodeIgniter\Database\MigrationRunner->latest(NULL)
#8 C:\Users\user\Documents\sisteminformasibengkel\sisteminformasibengkel\vendor\codeigniter4\framework\system\CLI\Commands.php(63): CodeIgniter\Commands\Database\Migrate->run(Array)
#9 C:\Users\user\Documents\sisteminformasibengkel\sisteminformasibengkel\vendor\codeigniter4\framework\system\CLI\CommandRunner.php(65): CodeIgniter\CLI\Commands->run('migrate', Array)
#10 C:\Users\user\Documents\sisteminformasibengkel\sisteminformasibengkel\vendor\codeigniter4\framework\system\CLI\CommandRunner.php(51): CodeIgniter\CLI\CommandRunner->index(Array)
#11 C:\Users\user\Documents\sisteminformasibengkel\sisteminformasibengkel\vendor\codeigniter4\framework\system\CodeIgniter.php(895): CodeIgniter\CLI\CommandRunner->_remap('index', Array)
#12 C:\Users\user\Documents\sisteminformasibengkel\sisteminformasibengkel\vendor\codeigniter4\framework\system\CodeIgniter.php(457): CodeIgniter\CodeIgniter->runController(Object(CodeIgniter\CLI\CommandRunner))
#13 C:\Users\user\Documents\sisteminformasibengkel\sisteminformasibengkel\vendor\codeigniter4\framework\system\CodeIgniter.php(336): CodeIgniter\CodeIgniter->handleRequest(NULL, Object(Config\Cache), false)
#14 C:\Users\user\Documents\sisteminformasibengkel\sisteminformasibengkel\vendor\codeigniter4\framework\system\CLI\Console.php(48): CodeIgniter\CodeIgniter->run()
#15 C:\Users\user\Documents\sisteminformasibengkel\sisteminformasibengkel\spark(98): CodeIgniter\CLI\Console->run()
#16 {main}
ERROR - 2022-10-13 03:33:29 --> mysqli_sql_exception: Unknown table 'bengkel.statuspemeriksaan' in C:\Users\user\Documents\sisteminformasibengkel\sisteminformasibengkel\vendor\codeigniter4\framework\system\Database\MySQLi\Connection.php:292
Stack trace:
#0 C:\Users\user\Documents\sisteminformasibengkel\sisteminformasibengkel\vendor\codeigniter4\framework\system\Database\MySQLi\Connection.php(292): mysqli->query('DROP TABLE `sta...', 0)
#1 C:\Users\user\Documents\sisteminformasibengkel\sisteminformasibengkel\vendor\codeigniter4\framework\system\Database\BaseConnection.php(693): CodeIgniter\Database\MySQLi\Connection->execute('DROP TABLE `sta...')
#2 C:\Users\user\Documents\sisteminformasibengkel\sisteminformasibengkel\vendor\codeigniter4\framework\system\Database\BaseConnection.php(620): CodeIgniter\Database\BaseConnection->simpleQuery('DROP TABLE `sta...')
#3 C:\Users\user\Documents\sisteminformasibengkel\sisteminformasibengkel\vendor\codeigniter4\framework\system\Database\Forge.php(600): CodeIgniter\Database\BaseConnection->query('DROP TABLE `sta...')
#4 C:\Users\user\Documents\sisteminformasibengkel\sisteminformasibengkel\app\Database\Migrations\2022-10-13-082704_StatusPemeriksaan.php(25): CodeIgniter\Database\Forge->dropTable('statuspemeriksa...')
#5 C:\Users\user\Documents\sisteminformasibengkel\sisteminformasibengkel\vendor\codeigniter4\framework\system\Database\MigrationRunner.php(868): App\Database\Migrations\StatusPemeriksaan->down()
#6 C:\Users\user\Documents\sisteminformasibengkel\sisteminformasibengkel\vendor\codeigniter4\framework\system\Database\MigrationRunner.php(298): CodeIgniter\Database\MigrationRunner->migrate('down', Object(stdClass))
#7 C:\Users\user\Documents\sisteminformasibengkel\sisteminformasibengkel\vendor\codeigniter4\framework\system\Commands\Database\MigrateRollback.php(92): CodeIgniter\Database\MigrationRunner->regress(0)
#8 C:\Users\user\Documents\sisteminformasibengkel\sisteminformasibengkel\vendor\codeigniter4\framework\system\CLI\Commands.php(63): CodeIgniter\Commands\Database\MigrateRollback->run(Array)
#9 C:\Users\user\Documents\sisteminformasibengkel\sisteminformasibengkel\vendor\codeigniter4\framework\system\CLI\BaseCommand.php(112): CodeIgniter\CLI\Commands->run('migrate:rollbac...', Array)
#10 C:\Users\user\Documents\sisteminformasibengkel\sisteminformasibengkel\vendor\codeigniter4\framework\system\Commands\Database\MigrateRefresh.php(84): CodeIgniter\CLI\BaseCommand->call('migrate:rollbac...', Array)
#11 C:\Users\user\Documents\sisteminformasibengkel\sisteminformasibengkel\vendor\codeigniter4\framework\system\CLI\Commands.php(63): CodeIgniter\Commands\Database\MigrateRefresh->run(Array)
#12 C:\Users\user\Documents\sisteminformasibengkel\sisteminformasibengkel\vendor\codeigniter4\framework\system\CLI\CommandRunner.php(65): CodeIgniter\CLI\Commands->run('migrate:refresh', Array)
#13 C:\Users\user\Documents\sisteminformasibengkel\sisteminformasibengkel\vendor\codeigniter4\framework\system\CLI\CommandRunner.php(51): CodeIgniter\CLI\CommandRunner->index(Array)
#14 C:\Users\user\Documents\sisteminformasibengkel\sisteminformasibengkel\vendor\codeigniter4\framework\system\CodeIgniter.php(895): CodeIgniter\CLI\CommandRunner->_remap('index', Array)
#15 C:\Users\user\Documents\sisteminformasibengkel\sisteminformasibengkel\vendor\codeigniter4\framework\system\CodeIgniter.php(457): CodeIgniter\CodeIgniter->runController(Object(CodeIgniter\CLI\CommandRunner))
#16 C:\Users\user\Documents\sisteminformasibengkel\sisteminformasibengkel\vendor\codeigniter4\framework\system\CodeIgniter.php(336): CodeIgniter\CodeIgniter->handleRequest(NULL, Object(Config\Cache), false)
#17 C:\Users\user\Documents\sisteminformasibengkel\sisteminformasibengkel\vendor\codeigniter4\framework\system\CLI\Console.php(48): CodeIgniter\CodeIgniter->run()
#18 C:\Users\user\Documents\sisteminformasibengkel\sisteminformasibengkel\spark(98): CodeIgniter\CLI\Console->run()
#19 {main}
ERROR - 2022-10-13 03:33:31 --> mysqli_sql_exception: Invalid default value for 'urutan' in C:\Users\user\Documents\sisteminformasibengkel\sisteminformasibengkel\vendor\codeigniter4\framework\system\Database\MySQLi\Connection.php:292
Stack trace:
#0 C:\Users\user\Documents\sisteminformasibengkel\sisteminformasibengkel\vendor\codeigniter4\framework\system\Database\MySQLi\Connection.php(292): mysqli->query('CREATE TABLE `s...', 0)
#1 C:\Users\user\Documents\sisteminformasibengkel\sisteminformasibengkel\vendor\codeigniter4\framework\system\Database\BaseConnection.php(693): CodeIgniter\Database\MySQLi\Connection->execute('CREATE TABLE `s...')
#2 C:\Users\user\Documents\sisteminformasibengkel\sisteminformasibengkel\vendor\codeigniter4\framework\system\Database\BaseConnection.php(620): CodeIgniter\Database\BaseConnection->simpleQuery('CREATE TABLE `s...')
#3 C:\Users\user\Documents\sisteminformasibengkel\sisteminformasibengkel\vendor\codeigniter4\framework\system\Database\Forge.php(509): CodeIgniter\Database\BaseConnection->query('CREATE TABLE `s...')
#4 C:\Users\user\Documents\sisteminformasibengkel\sisteminformasibengkel\app\Database\Migrations\2022-10-13-082704_StatusPemeriksaan.php(20): CodeIgniter\Database\Forge->createTable('statuspemeriksa...')
#5 C:\Users\user\Documents\sisteminformasibengkel\sisteminformasibengkel\vendor\codeigniter4\framework\system\Database\MigrationRunner.php(868): App\Database\Migrations\StatusPemeriksaan->up()
#6 C:\Users\user\Documents\sisteminformasibengkel\sisteminformasibengkel\vendor\codeigniter4\framework\system\Database\MigrationRunner.php(187): CodeIgniter\Database\MigrationRunner->migrate('up', Object(stdClass))
#7 C:\Users\user\Documents\sisteminformasibengkel\sisteminformasibengkel\vendor\codeigniter4\framework\system\Commands\Database\Migrate.php(84): CodeIgniter\Database\MigrationRunner->latest(NULL)
#8 C:\Users\user\Documents\sisteminformasibengkel\sisteminformasibengkel\vendor\codeigniter4\framework\system\CLI\Commands.php(63): CodeIgniter\Commands\Database\Migrate->run(Array)
#9 C:\Users\user\Documents\sisteminformasibengkel\sisteminformasibengkel\vendor\codeigniter4\framework\system\CLI\BaseCommand.php(112): CodeIgniter\CLI\Commands->run('migrate', Array)
#10 C:\Users\user\Documents\sisteminformasibengkel\sisteminformasibengkel\vendor\codeigniter4\framework\system\Commands\Database\MigrateRefresh.php(85): CodeIgniter\CLI\BaseCommand->call('migrate', Array)
#11 C:\Users\user\Documents\sisteminformasibengkel\sisteminformasibengkel\vendor\codeigniter4\framework\system\CLI\Commands.php(63): CodeIgniter\Commands\Database\MigrateRefresh->run(Array)
#12 C:\Users\user\Documents\sisteminformasibengkel\sisteminformasibengkel\vendor\codeigniter4\framework\system\CLI\CommandRunner.php(65): CodeIgniter\CLI\Commands->run('migrate:refresh', Array)
#13 C:\Users\user\Documents\sisteminformasibengkel\sisteminformasibengkel\vendor\codeigniter4\framework\system\CLI\CommandRunner.php(51): CodeIgniter\CLI\CommandRunner->index(Array)
#14 C:\Users\user\Documents\sisteminformasibengkel\sisteminformasibengkel\vendor\codeigniter4\framework\system\CodeIgniter.php(895): CodeIgniter\CLI\CommandRunner->_remap('index', Array)
#15 C:\Users\user\Documents\sisteminformasibengkel\sisteminformasibengkel\vendor\codeigniter4\framework\system\CodeIgniter.php(457): CodeIgniter\CodeIgniter->runController(Object(CodeIgniter\CLI\CommandRunner))
#16 C:\Users\user\Documents\sisteminformasibengkel\sisteminformasibengkel\vendor\codeigniter4\framework\system\CodeIgniter.php(336): CodeIgniter\CodeIgniter->handleRequest(NULL, Object(Config\Cache), false)
#17 C:\Users\user\Documents\sisteminformasibengkel\sisteminformasibengkel\vendor\codeigniter4\framework\system\CLI\Console.php(48): CodeIgniter\CodeIgniter->run()
#18 C:\Users\user\Documents\sisteminformasibengkel\sisteminformasibengkel\spark(98): CodeIgniter\CLI\Console->run()
#19 {main}
ERROR - 2022-10-13 03:36:35 --> mysqli_sql_exception: Unknown table 'bengkel.statuspemeriksaan' in C:\Users\user\Documents\sisteminformasibengkel\sisteminformasibengkel\vendor\codeigniter4\framework\system\Database\MySQLi\Connection.php:292
Stack trace:
#0 C:\Users\user\Documents\sisteminformasibengkel\sisteminformasibengkel\vendor\codeigniter4\framework\system\Database\MySQLi\Connection.php(292): mysqli->query('DROP TABLE `sta...', 0)
#1 C:\Users\user\Documents\sisteminformasibengkel\sisteminformasibengkel\vendor\codeigniter4\framework\system\Database\BaseConnection.php(693): CodeIgniter\Database\MySQLi\Connection->execute('DROP TABLE `sta...')
#2 C:\Users\user\Documents\sisteminformasibengkel\sisteminformasibengkel\vendor\codeigniter4\framework\system\Database\BaseConnection.php(620): CodeIgniter\Database\BaseConnection->simpleQuery('DROP TABLE `sta...')
#3 C:\Users\user\Documents\sisteminformasibengkel\sisteminformasibengkel\vendor\codeigniter4\framework\system\Database\Forge.php(600): CodeIgniter\Database\BaseConnection->query('DROP TABLE `sta...')
#4 C:\Users\user\Documents\sisteminformasibengkel\sisteminformasibengkel\app\Database\Migrations\2022-10-13-082704_StatusPemeriksaan.php(25): CodeIgniter\Database\Forge->dropTable('statuspemeriksa...')
#5 C:\Users\user\Documents\sisteminformasibengkel\sisteminformasibengkel\vendor\codeigniter4\framework\system\Database\MigrationRunner.php(868): App\Database\Migrations\StatusPemeriksaan->down()
#6 C:\Users\user\Documents\sisteminformasibengkel\sisteminformasibengkel\vendor\codeigniter4\framework\system\Database\MigrationRunner.php(298): CodeIgniter\Database\MigrationRunner->migrate('down', Object(stdClass))
#7 C:\Users\user\Documents\sisteminformasibengkel\sisteminformasibengkel\vendor\codeigniter4\framework\system\Commands\Database\MigrateRollback.php(92): CodeIgniter\Database\MigrationRunner->regress(0)
#8 C:\Users\user\Documents\sisteminformasibengkel\sisteminformasibengkel\vendor\codeigniter4\framework\system\CLI\Commands.php(63): CodeIgniter\Commands\Database\MigrateRollback->run(Array)
#9 C:\Users\user\Documents\sisteminformasibengkel\sisteminformasibengkel\vendor\codeigniter4\framework\system\CLI\BaseCommand.php(112): CodeIgniter\CLI\Commands->run('migrate:rollbac...', Array)
#10 C:\Users\user\Documents\sisteminformasibengkel\sisteminformasibengkel\vendor\codeigniter4\framework\system\Commands\Database\MigrateRefresh.php(84): CodeIgniter\CLI\BaseCommand->call('migrate:rollbac...', Array)
#11 C:\Users\user\Documents\sisteminformasibengkel\sisteminformasibengkel\vendor\codeigniter4\framework\system\CLI\Commands.php(63): CodeIgniter\Commands\Database\MigrateRefresh->run(Array)
#12 C:\Users\user\Documents\sisteminformasibengkel\sisteminformasibengkel\vendor\codeigniter4\framework\system\CLI\CommandRunner.php(65): CodeIgniter\CLI\Commands->run('migrate:refresh', Array)
#13 C:\Users\user\Documents\sisteminformasibengkel\sisteminformasibengkel\vendor\codeigniter4\framework\system\CLI\CommandRunner.php(51): CodeIgniter\CLI\CommandRunner->index(Array)
#14 C:\Users\user\Documents\sisteminformasibengkel\sisteminformasibengkel\vendor\codeigniter4\framework\system\CodeIgniter.php(895): CodeIgniter\CLI\CommandRunner->_remap('index', Array)
#15 C:\Users\user\Documents\sisteminformasibengkel\sisteminformasibengkel\vendor\codeigniter4\framework\system\CodeIgniter.php(457): CodeIgniter\CodeIgniter->runController(Object(CodeIgniter\CLI\CommandRunner))
#16 C:\Users\user\Documents\sisteminformasibengkel\sisteminformasibengkel\vendor\codeigniter4\framework\system\CodeIgniter.php(336): CodeIgniter\CodeIgniter->handleRequest(NULL, Object(Config\Cache), false)
#17 C:\Users\user\Documents\sisteminformasibengkel\sisteminformasibengkel\vendor\codeigniter4\framework\system\CLI\Console.php(48): CodeIgniter\CodeIgniter->run()
#18 C:\Users\user\Documents\sisteminformasibengkel\sisteminformasibengkel\spark(98): CodeIgniter\CLI\Console->run()
#19 {main}
ERROR - 2022-10-13 03:36:37 --> mysqli_sql_exception: Invalid default value for 'urutan' in C:\Users\user\Documents\sisteminformasibengkel\sisteminformasibengkel\vendor\codeigniter4\framework\system\Database\MySQLi\Connection.php:292
Stack trace:
#0 C:\Users\user\Documents\sisteminformasibengkel\sisteminformasibengkel\vendor\codeigniter4\framework\system\Database\MySQLi\Connection.php(292): mysqli->query('CREATE TABLE `s...', 0)
#1 C:\Users\user\Documents\sisteminformasibengkel\sisteminformasibengkel\vendor\codeigniter4\framework\system\Database\BaseConnection.php(693): CodeIgniter\Database\MySQLi\Connection->execute('CREATE TABLE `s...')
#2 C:\Users\user\Documents\sisteminformasibengkel\sisteminformasibengkel\vendor\codeigniter4\framework\system\Database\BaseConnection.php(620): CodeIgniter\Database\BaseConnection->simpleQuery('CREATE TABLE `s...')
#3 C:\Users\user\Documents\sisteminformasibengkel\sisteminformasibengkel\vendor\codeigniter4\framework\system\Database\Forge.php(509): CodeIgniter\Database\BaseConnection->query('CREATE TABLE `s...')
#4 C:\Users\user\Documents\sisteminformasibengkel\sisteminformasibengkel\app\Database\Migrations\2022-10-13-082704_StatusPemeriksaan.php(20): CodeIgniter\Database\Forge->createTable('statuspemeriksa...')
#5 C:\Users\user\Documents\sisteminformasibengkel\sisteminformasibengkel\vendor\codeigniter4\framework\system\Database\MigrationRunner.php(868): App\Database\Migrations\StatusPemeriksaan->up()
#6 C:\Users\user\Documents\sisteminformasibengkel\sisteminformasibengkel\vendor\codeigniter4\framework\system\Database\MigrationRunner.php(187): CodeIgniter\Database\MigrationRunner->migrate('up', Object(stdClass))
#7 C:\Users\user\Documents\sisteminformasibengkel\sisteminformasibengkel\vendor\codeigniter4\framework\system\Commands\Database\Migrate.php(84): CodeIgniter\Database\MigrationRunner->latest(NULL)
#8 C:\Users\user\Documents\sisteminformasibengkel\sisteminformasibengkel\vendor\codeigniter4\framework\system\CLI\Commands.php(63): CodeIgniter\Commands\Database\Migrate->run(Array)
#9 C:\Users\user\Documents\sisteminformasibengkel\sisteminformasibengkel\vendor\codeigniter4\framework\system\CLI\BaseCommand.php(112): CodeIgniter\CLI\Commands->run('migrate', Array)
#10 C:\Users\user\Documents\sisteminformasibengkel\sisteminformasibengkel\vendor\codeigniter4\framework\system\Commands\Database\MigrateRefresh.php(85): CodeIgniter\CLI\BaseCommand->call('migrate', Array)
#11 C:\Users\user\Documents\sisteminformasibengkel\sisteminformasibengkel\vendor\codeigniter4\framework\system\CLI\Commands.php(63): CodeIgniter\Commands\Database\MigrateRefresh->run(Array)
#12 C:\Users\user\Documents\sisteminformasibengkel\sisteminformasibengkel\vendor\codeigniter4\framework\system\CLI\CommandRunner.php(65): CodeIgniter\CLI\Commands->run('migrate:refresh', Array)
#13 C:\Users\user\Documents\sisteminformasibengkel\sisteminformasibengkel\vendor\codeigniter4\framework\system\CLI\CommandRunner.php(51): CodeIgniter\CLI\CommandRunner->index(Array)
#14 C:\Users\user\Documents\sisteminformasibengkel\sisteminformasibengkel\vendor\codeigniter4\framework\system\CodeIgniter.php(895): CodeIgniter\CLI\CommandRunner->_remap('index', Array)
#15 C:\Users\user\Documents\sisteminformasibengkel\sisteminformasibengkel\vendor\codeigniter4\framework\system\CodeIgniter.php(457): CodeIgniter\CodeIgniter->runController(Object(CodeIgniter\CLI\CommandRunner))
#16 C:\Users\user\Documents\sisteminformasibengkel\sisteminformasibengkel\vendor\codeigniter4\framework\system\CodeIgniter.php(336): CodeIgniter\CodeIgniter->handleRequest(NULL, Object(Config\Cache), false)
#17 C:\Users\user\Documents\sisteminformasibengkel\sisteminformasibengkel\vendor\codeigniter4\framework\system\CLI\Console.php(48): CodeIgniter\CodeIgniter->run()
#18 C:\Users\user\Documents\sisteminformasibengkel\sisteminformasibengkel\spark(98): CodeIgniter\CLI\Console->run()
#19 {main}
ERROR - 2022-10-13 03:40:36 --> mysqli_sql_exception: Unknown table 'bengkel.statuspemeriksaan' in C:\Users\user\Documents\sisteminformasibengkel\sisteminformasibengkel\vendor\codeigniter4\framework\system\Database\MySQLi\Connection.php:292
Stack trace:
#0 C:\Users\user\Documents\sisteminformasibengkel\sisteminformasibengkel\vendor\codeigniter4\framework\system\Database\MySQLi\Connection.php(292): mysqli->query('DROP TABLE `sta...', 0)
#1 C:\Users\user\Documents\sisteminformasibengkel\sisteminformasibengkel\vendor\codeigniter4\framework\system\Database\BaseConnection.php(693): CodeIgniter\Database\MySQLi\Connection->execute('DROP TABLE `sta...')
#2 C:\Users\user\Documents\sisteminformasibengkel\sisteminformasibengkel\vendor\codeigniter4\framework\system\Database\BaseConnection.php(620): CodeIgniter\Database\BaseConnection->simpleQuery('DROP TABLE `sta...')
#3 C:\Users\user\Documents\sisteminformasibengkel\sisteminformasibengkel\vendor\codeigniter4\framework\system\Database\Forge.php(600): CodeIgniter\Database\BaseConnection->query('DROP TABLE `sta...')
#4 C:\Users\user\Documents\sisteminformasibengkel\sisteminformasibengkel\app\Database\Migrations\2022-10-13-082704_StatusPemeriksaan.php(24): CodeIgniter\Database\Forge->dropTable('statuspemeriksa...')
#5 C:\Users\user\Documents\sisteminformasibengkel\sisteminformasibengkel\vendor\codeigniter4\framework\system\Database\MigrationRunner.php(868): App\Database\Migrations\StatusPemeriksaan->down()
#6 C:\Users\user\Documents\sisteminformasibengkel\sisteminformasibengkel\vendor\codeigniter4\framework\system\Database\MigrationRunner.php(298): CodeIgniter\Database\MigrationRunner->migrate('down', Object(stdClass))
#7 C:\Users\user\Documents\sisteminformasibengkel\sisteminformasibengkel\vendor\codeigniter4\framework\system\Commands\Database\MigrateRollback.php(92): CodeIgniter\Database\MigrationRunner->regress(0)
#8 C:\Users\user\Documents\sisteminformasibengkel\sisteminformasibengkel\vendor\codeigniter4\framework\system\CLI\Commands.php(63): CodeIgniter\Commands\Database\MigrateRollback->run(Array)
#9 C:\Users\user\Documents\sisteminformasibengkel\sisteminformasibengkel\vendor\codeigniter4\framework\system\CLI\BaseCommand.php(112): CodeIgniter\CLI\Commands->run('migrate:rollbac...', Array)
#10 C:\Users\user\Documents\sisteminformasibengkel\sisteminformasibengkel\vendor\codeigniter4\framework\system\Commands\Database\MigrateRefresh.php(84): CodeIgniter\CLI\BaseCommand->call('migrate:rollbac...', Array)
#11 C:\Users\user\Documents\sisteminformasibengkel\sisteminformasibengkel\vendor\codeigniter4\framework\system\CLI\Commands.php(63): CodeIgniter\Commands\Database\MigrateRefresh->run(Array)
#12 C:\Users\user\Documents\sisteminformasibengkel\sisteminformasibengkel\vendor\codeigniter4\framework\system\CLI\CommandRunner.php(65): CodeIgniter\CLI\Commands->run('migrate:refresh', Array)
#13 C:\Users\user\Documents\sisteminformasibengkel\sisteminformasibengkel\vendor\codeigniter4\framework\system\CLI\CommandRunner.php(51): CodeIgniter\CLI\CommandRunner->index(Array)
#14 C:\Users\user\Documents\sisteminformasibengkel\sisteminformasibengkel\vendor\codeigniter4\framework\system\CodeIgniter.php(895): CodeIgniter\CLI\CommandRunner->_remap('index', Array)
#15 C:\Users\user\Documents\sisteminformasibengkel\sisteminformasibengkel\vendor\codeigniter4\framework\system\CodeIgniter.php(457): CodeIgniter\CodeIgniter->runController(Object(CodeIgniter\CLI\CommandRunner))
#16 C:\Users\user\Documents\sisteminformasibengkel\sisteminformasibengkel\vendor\codeigniter4\framework\system\CodeIgniter.php(336): CodeIgniter\CodeIgniter->handleRequest(NULL, Object(Config\Cache), false)
#17 C:\Users\user\Documents\sisteminformasibengkel\sisteminformasibengkel\vendor\codeigniter4\framework\system\CLI\Console.php(48): CodeIgniter\CodeIgniter->run()
#18 C:\Users\user\Documents\sisteminformasibengkel\sisteminformasibengkel\spark(98): CodeIgniter\CLI\Console->run()
#19 {main}
ERROR - 2022-10-13 03:40:38 --> mysqli_sql_exception: Invalid default value for 'urutan' in C:\Users\user\Documents\sisteminformasibengkel\sisteminformasibengkel\vendor\codeigniter4\framework\system\Database\MySQLi\Connection.php:292
Stack trace:
#0 C:\Users\user\Documents\sisteminformasibengkel\sisteminformasibengkel\vendor\codeigniter4\framework\system\Database\MySQLi\Connection.php(292): mysqli->query('CREATE TABLE `s...', 0)
#1 C:\Users\user\Documents\sisteminformasibengkel\sisteminformasibengkel\vendor\codeigniter4\framework\system\Database\BaseConnection.php(693): CodeIgniter\Database\MySQLi\Connection->execute('CREATE TABLE `s...')
#2 C:\Users\user\Documents\sisteminformasibengkel\sisteminformasibengkel\vendor\codeigniter4\framework\system\Database\BaseConnection.php(620): CodeIgniter\Database\BaseConnection->simpleQuery('CREATE TABLE `s...')
#3 C:\Users\user\Documents\sisteminformasibengkel\sisteminformasibengkel\vendor\codeigniter4\framework\system\Database\Forge.php(509): CodeIgniter\Database\BaseConnection->query('CREATE TABLE `s...')
#4 C:\Users\user\Documents\sisteminformasibengkel\sisteminformasibengkel\app\Database\Migrations\2022-10-13-082704_StatusPemeriksaan.php(19): CodeIgniter\Database\Forge->createTable('statuspemeriksa...')
#5 C:\Users\user\Documents\sisteminformasibengkel\sisteminformasibengkel\vendor\codeigniter4\framework\system\Database\MigrationRunner.php(868): App\Database\Migrations\StatusPemeriksaan->up()
#6 C:\Users\user\Documents\sisteminformasibengkel\sisteminformasibengkel\vendor\codeigniter4\framework\system\Database\MigrationRunner.php(187): CodeIgniter\Database\MigrationRunner->migrate('up', Object(stdClass))
#7 C:\Users\user\Documents\sisteminformasibengkel\sisteminformasibengkel\vendor\codeigniter4\framework\system\Commands\Database\Migrate.php(84): CodeIgniter\Database\MigrationRunner->latest(NULL)
#8 C:\Users\user\Documents\sisteminformasibengkel\sisteminformasibengkel\vendor\codeigniter4\framework\system\CLI\Commands.php(63): CodeIgniter\Commands\Database\Migrate->run(Array)
#9 C:\Users\user\Documents\sisteminformasibengkel\sisteminformasibengkel\vendor\codeigniter4\framework\system\CLI\BaseCommand.php(112): CodeIgniter\CLI\Commands->run('migrate', Array)
#10 C:\Users\user\Documents\sisteminformasibengkel\sisteminformasibengkel\vendor\codeigniter4\framework\system\Commands\Database\MigrateRefresh.php(85): CodeIgniter\CLI\BaseCommand->call('migrate', Array)
#11 C:\Users\user\Documents\sisteminformasibengkel\sisteminformasibengkel\vendor\codeigniter4\framework\system\CLI\Commands.php(63): CodeIgniter\Commands\Database\MigrateRefresh->run(Array)
#12 C:\Users\user\Documents\sisteminformasibengkel\sisteminformasibengkel\vendor\codeigniter4\framework\system\CLI\CommandRunner.php(65): CodeIgniter\CLI\Commands->run('migrate:refresh', Array)
#13 C:\Users\user\Documents\sisteminformasibengkel\sisteminformasibengkel\vendor\codeigniter4\framework\system\CLI\CommandRunner.php(51): CodeIgniter\CLI\CommandRunner->index(Array)
#14 C:\Users\user\Documents\sisteminformasibengkel\sisteminformasibengkel\vendor\codeigniter4\framework\system\CodeIgniter.php(895): CodeIgniter\CLI\CommandRunner->_remap('index', Array)
#15 C:\Users\user\Documents\sisteminformasibengkel\sisteminformasibengkel\vendor\codeigniter4\framework\system\CodeIgniter.php(457): CodeIgniter\CodeIgniter->runController(Object(CodeIgniter\CLI\CommandRunner))
#16 C:\Users\user\Documents\sisteminformasibengkel\sisteminformasibengkel\vendor\codeigniter4\framework\system\CodeIgniter.php(336): CodeIgniter\CodeIgniter->handleRequest(NULL, Object(Config\Cache), false)
#17 C:\Users\user\Documents\sisteminformasibengkel\sisteminformasibengkel\vendor\codeigniter4\framework\system\CLI\Console.php(48): CodeIgniter\CodeIgniter->run()
#18 C:\Users\user\Documents\sisteminformasibengkel\sisteminformasibengkel\spark(98): CodeIgniter\CLI\Console->run()
#19 {main}
ERROR - 2022-10-13 03:44:57 --> mysqli_sql_exception: Unknown table 'bengkel.statuspemeriksaan' in C:\Users\user\Documents\sisteminformasibengkel\sisteminformasibengkel\vendor\codeigniter4\framework\system\Database\MySQLi\Connection.php:292
Stack trace:
#0 C:\Users\user\Documents\sisteminformasibengkel\sisteminformasibengkel\vendor\codeigniter4\framework\system\Database\MySQLi\Connection.php(292): mysqli->query('DROP TABLE `sta...', 0)
#1 C:\Users\user\Documents\sisteminformasibengkel\sisteminformasibengkel\vendor\codeigniter4\framework\system\Database\BaseConnection.php(693): CodeIgniter\Database\MySQLi\Connection->execute('DROP TABLE `sta...')
#2 C:\Users\user\Documents\sisteminformasibengkel\sisteminformasibengkel\vendor\codeigniter4\framework\system\Database\BaseConnection.php(620): CodeIgniter\Database\BaseConnection->simpleQuery('DROP TABLE `sta...')
#3 C:\Users\user\Documents\sisteminformasibengkel\sisteminformasibengkel\vendor\codeigniter4\framework\system\Database\Forge.php(600): CodeIgniter\Database\BaseConnection->query('DROP TABLE `sta...')
#4 C:\Users\user\Documents\sisteminformasibengkel\sisteminformasibengkel\app\Database\Migrations\2022-10-13-082704_StatusPemeriksaan.php(25): CodeIgniter\Database\Forge->dropTable('statuspemeriksa...')
#5 C:\Users\user\Documents\sisteminformasibengkel\sisteminformasibengkel\vendor\codeigniter4\framework\system\Database\MigrationRunner.php(868): App\Database\Migrations\StatusPemeriksaan->down()
#6 C:\Users\user\Documents\sisteminformasibengkel\sisteminformasibengkel\vendor\codeigniter4\framework\system\Database\MigrationRunner.php(298): CodeIgniter\Database\MigrationRunner->migrate('down', Object(stdClass))
#7 C:\Users\user\Documents\sisteminformasibengkel\sisteminformasibengkel\vendor\codeigniter4\framework\system\Commands\Database\MigrateRollback.php(92): CodeIgniter\Database\MigrationRunner->regress(0)
#8 C:\Users\user\Documents\sisteminformasibengkel\sisteminformasibengkel\vendor\codeigniter4\framework\system\CLI\Commands.php(63): CodeIgniter\Commands\Database\MigrateRollback->run(Array)
#9 C:\Users\user\Documents\sisteminformasibengkel\sisteminformasibengkel\vendor\codeigniter4\framework\system\CLI\BaseCommand.php(112): CodeIgniter\CLI\Commands->run('migrate:rollbac...', Array)
#10 C:\Users\user\Documents\sisteminformasibengkel\sisteminformasibengkel\vendor\codeigniter4\framework\system\Commands\Database\MigrateRefresh.php(84): CodeIgniter\CLI\BaseCommand->call('migrate:rollbac...', Array)
#11 C:\Users\user\Documents\sisteminformasibengkel\sisteminformasibengkel\vendor\codeigniter4\framework\system\CLI\Commands.php(63): CodeIgniter\Commands\Database\MigrateRefresh->run(Array)
#12 C:\Users\user\Documents\sisteminformasibengkel\sisteminformasibengkel\vendor\codeigniter4\framework\system\CLI\CommandRunner.php(65): CodeIgniter\CLI\Commands->run('migrate:refresh', Array)
#13 C:\Users\user\Documents\sisteminformasibengkel\sisteminformasibengkel\vendor\codeigniter4\framework\system\CLI\CommandRunner.php(51): CodeIgniter\CLI\CommandRunner->index(Array)
#14 C:\Users\user\Documents\sisteminformasibengkel\sisteminformasibengkel\vendor\codeigniter4\framework\system\CodeIgniter.php(895): CodeIgniter\CLI\CommandRunner->_remap('index', Array)
#15 C:\Users\user\Documents\sisteminformasibengkel\sisteminformasibengkel\vendor\codeigniter4\framework\system\CodeIgniter.php(457): CodeIgniter\CodeIgniter->runController(Object(CodeIgniter\CLI\CommandRunner))
#16 C:\Users\user\Documents\sisteminformasibengkel\sisteminformasibengkel\vendor\codeigniter4\framework\system\CodeIgniter.php(336): CodeIgniter\CodeIgniter->handleRequest(NULL, Object(Config\Cache), false)
#17 C:\Users\user\Documents\sisteminformasibengkel\sisteminformasibengkel\vendor\codeigniter4\framework\system\CLI\Console.php(48): CodeIgniter\CodeIgniter->run()
#18 C:\Users\user\Documents\sisteminformasibengkel\sisteminformasibengkel\spark(98): CodeIgniter\CLI\Console->run()
#19 {main}
ERROR - 2022-10-13 03:44:59 --> mysqli_sql_exception: Invalid default value for 'urutan' in C:\Users\user\Documents\sisteminformasibengkel\sisteminformasibengkel\vendor\codeigniter4\framework\system\Database\MySQLi\Connection.php:292
Stack trace:
#0 C:\Users\user\Documents\sisteminformasibengkel\sisteminformasibengkel\vendor\codeigniter4\framework\system\Database\MySQLi\Connection.php(292): mysqli->query('CREATE TABLE `s...', 0)
#1 C:\Users\user\Documents\sisteminformasibengkel\sisteminformasibengkel\vendor\codeigniter4\framework\system\Database\BaseConnection.php(693): CodeIgniter\Database\MySQLi\Connection->execute('CREATE TABLE `s...')
#2 C:\Users\user\Documents\sisteminformasibengkel\sisteminformasibengkel\vendor\codeigniter4\framework\system\Database\BaseConnection.php(620): CodeIgniter\Database\BaseConnection->simpleQuery('CREATE TABLE `s...')
#3 C:\Users\user\Documents\sisteminformasibengkel\sisteminformasibengkel\vendor\codeigniter4\framework\system\Database\Forge.php(509): CodeIgniter\Database\BaseConnection->query('CREATE TABLE `s...')
#4 C:\Users\user\Documents\sisteminformasibengkel\sisteminformasibengkel\app\Database\Migrations\2022-10-13-082704_StatusPemeriksaan.php(20): CodeIgniter\Database\Forge->createTable('statuspemeriksa...')
#5 C:\Users\user\Documents\sisteminformasibengkel\sisteminformasibengkel\vendor\codeigniter4\framework\system\Database\MigrationRunner.php(868): App\Database\Migrations\StatusPemeriksaan->up()
#6 C:\Users\user\Documents\sisteminformasibengkel\sisteminformasibengkel\vendor\codeigniter4\framework\system\Database\MigrationRunner.php(187): CodeIgniter\Database\MigrationRunner->migrate('up', Object(stdClass))
#7 C:\Users\user\Documents\sisteminformasibengkel\sisteminformasibengkel\vendor\codeigniter4\framework\system\Commands\Database\Migrate.php(84): CodeIgniter\Database\MigrationRunner->latest(NULL)
#8 C:\Users\user\Documents\sisteminformasibengkel\sisteminformasibengkel\vendor\codeigniter4\framework\system\CLI\Commands.php(63): CodeIgniter\Commands\Database\Migrate->run(Array)
#9 C:\Users\user\Documents\sisteminformasibengkel\sisteminformasibengkel\vendor\codeigniter4\framework\system\CLI\BaseCommand.php(112): CodeIgniter\CLI\Commands->run('migrate', Array)
#10 C:\Users\user\Documents\sisteminformasibengkel\sisteminformasibengkel\vendor\codeigniter4\framework\system\Commands\Database\MigrateRefresh.php(85): CodeIgniter\CLI\BaseCommand->call('migrate', Array)
#11 C:\Users\user\Documents\sisteminformasibengkel\sisteminformasibengkel\vendor\codeigniter4\framework\system\CLI\Commands.php(63): CodeIgniter\Commands\Database\MigrateRefresh->run(Array)
#12 C:\Users\user\Documents\sisteminformasibengkel\sisteminformasibengkel\vendor\codeigniter4\framework\system\CLI\CommandRunner.php(65): CodeIgniter\CLI\Commands->run('migrate:refresh', Array)
#13 C:\Users\user\Documents\sisteminformasibengkel\sisteminformasibengkel\vendor\codeigniter4\framework\system\CLI\CommandRunner.php(51): CodeIgniter\CLI\CommandRunner->index(Array)
#14 C:\Users\user\Documents\sisteminformasibengkel\sisteminformasibengkel\vendor\codeigniter4\framework\system\CodeIgniter.php(895): CodeIgniter\CLI\CommandRunner->_remap('index', Array)
#15 C:\Users\user\Documents\sisteminformasibengkel\sisteminformasibengkel\vendor\codeigniter4\framework\system\CodeIgniter.php(457): CodeIgniter\CodeIgniter->runController(Object(CodeIgniter\CLI\CommandRunner))
#16 C:\Users\user\Documents\sisteminformasibengkel\sisteminformasibengkel\vendor\codeigniter4\framework\system\CodeIgniter.php(336): CodeIgniter\CodeIgniter->handleRequest(NULL, Object(Config\Cache), false)
#17 C:\Users\user\Documents\sisteminformasibengkel\sisteminformasibengkel\vendor\codeigniter4\framework\system\CLI\Console.php(48): CodeIgniter\CodeIgniter->run()
#18 C:\Users\user\Documents\sisteminformasibengkel\sisteminformasibengkel\spark(98): CodeIgniter\CLI\Console->run()
#19 {main}
ERROR - 2022-10-13 03:48:14 --> mysqli_sql_exception: Unknown table 'bengkel.statuspemeriksaan' in C:\Users\user\Documents\sisteminformasibengkel\sisteminformasibengkel\vendor\codeigniter4\framework\system\Database\MySQLi\Connection.php:292
Stack trace:
#0 C:\Users\user\Documents\sisteminformasibengkel\sisteminformasibengkel\vendor\codeigniter4\framework\system\Database\MySQLi\Connection.php(292): mysqli->query('DROP TABLE `sta...', 0)
#1 C:\Users\user\Documents\sisteminformasibengkel\sisteminformasibengkel\vendor\codeigniter4\framework\system\Database\BaseConnection.php(693): CodeIgniter\Database\MySQLi\Connection->execute('DROP TABLE `sta...')
#2 C:\Users\user\Documents\sisteminformasibengkel\sisteminformasibengkel\vendor\codeigniter4\framework\system\Database\BaseConnection.php(620): CodeIgniter\Database\BaseConnection->simpleQuery('DROP TABLE `sta...')
#3 C:\Users\user\Documents\sisteminformasibengkel\sisteminformasibengkel\vendor\codeigniter4\framework\system\Database\Forge.php(600): CodeIgniter\Database\BaseConnection->query('DROP TABLE `sta...')
#4 C:\Users\user\Documents\sisteminformasibengkel\sisteminformasibengkel\app\Database\Migrations\2022-10-13-082704_StatusPemeriksaan.php(25): CodeIgniter\Database\Forge->dropTable('statuspemeriksa...')
#5 C:\Users\user\Documents\sisteminformasibengkel\sisteminformasibengkel\vendor\codeigniter4\framework\system\Database\MigrationRunner.php(868): App\Database\Migrations\StatusPemeriksaan->down()
#6 C:\Users\user\Documents\sisteminformasibengkel\sisteminformasibengkel\vendor\codeigniter4\framework\system\Database\MigrationRunner.php(298): CodeIgniter\Database\MigrationRunner->migrate('down', Object(stdClass))
#7 C:\Users\user\Documents\sisteminformasibengkel\sisteminformasibengkel\vendor\codeigniter4\framework\system\Commands\Database\MigrateRollback.php(92): CodeIgniter\Database\MigrationRunner->regress(0)
#8 C:\Users\user\Documents\sisteminformasibengkel\sisteminformasibengkel\vendor\codeigniter4\framework\system\CLI\Commands.php(63): CodeIgniter\Commands\Database\MigrateRollback->run(Array)
#9 C:\Users\user\Documents\sisteminformasibengkel\sisteminformasibengkel\vendor\codeigniter4\framework\system\CLI\BaseCommand.php(112): CodeIgniter\CLI\Commands->run('migrate:rollbac...', Array)
#10 C:\Users\user\Documents\sisteminformasibengkel\sisteminformasibengkel\vendor\codeigniter4\framework\system\Commands\Database\MigrateRefresh.php(84): CodeIgniter\CLI\BaseCommand->call('migrate:rollbac...', Array)
#11 C:\Users\user\Documents\sisteminformasibengkel\sisteminformasibengkel\vendor\codeigniter4\framework\system\CLI\Commands.php(63): CodeIgniter\Commands\Database\MigrateRefresh->run(Array)
#12 C:\Users\user\Documents\sisteminformasibengkel\sisteminformasibengkel\vendor\codeigniter4\framework\system\CLI\CommandRunner.php(65): CodeIgniter\CLI\Commands->run('migrate:refresh', Array)
#13 C:\Users\user\Documents\sisteminformasibengkel\sisteminformasibengkel\vendor\codeigniter4\framework\system\CLI\CommandRunner.php(51): CodeIgniter\CLI\CommandRunner->index(Array)
#14 C:\Users\user\Documents\sisteminformasibengkel\sisteminformasibengkel\vendor\codeigniter4\framework\system\CodeIgniter.php(895): CodeIgniter\CLI\CommandRunner->_remap('index', Array)
#15 C:\Users\user\Documents\sisteminformasibengkel\sisteminformasibengkel\vendor\codeigniter4\framework\system\CodeIgniter.php(457): CodeIgniter\CodeIgniter->runController(Object(CodeIgniter\CLI\CommandRunner))
#16 C:\Users\user\Documents\sisteminformasibengkel\sisteminformasibengkel\vendor\codeigniter4\framework\system\CodeIgniter.php(336): CodeIgniter\CodeIgniter->handleRequest(NULL, Object(Config\Cache), false)
#17 C:\Users\user\Documents\sisteminformasibengkel\sisteminformasibengkel\vendor\codeigniter4\framework\system\CLI\Console.php(48): CodeIgniter\CodeIgniter->run()
#18 C:\Users\user\Documents\sisteminformasibengkel\sisteminformasibengkel\spark(98): CodeIgniter\CLI\Console->run()
#19 {main}
ERROR - 2022-10-13 03:48:16 --> mysqli_sql_exception: Invalid default value for 'urutan' in C:\Users\user\Documents\sisteminformasibengkel\sisteminformasibengkel\vendor\codeigniter4\framework\system\Database\MySQLi\Connection.php:292
Stack trace:
#0 C:\Users\user\Documents\sisteminformasibengkel\sisteminformasibengkel\vendor\codeigniter4\framework\system\Database\MySQLi\Connection.php(292): mysqli->query('CREATE TABLE `s...', 0)
#1 C:\Users\user\Documents\sisteminformasibengkel\sisteminformasibengkel\vendor\codeigniter4\framework\system\Database\BaseConnection.php(693): CodeIgniter\Database\MySQLi\Connection->execute('CREATE TABLE `s...')
#2 C:\Users\user\Documents\sisteminformasibengkel\sisteminformasibengkel\vendor\codeigniter4\framework\system\Database\BaseConnection.php(620): CodeIgniter\Database\BaseConnection->simpleQuery('CREATE TABLE `s...')
#3 C:\Users\user\Documents\sisteminformasibengkel\sisteminformasibengkel\vendor\codeigniter4\framework\system\Database\Forge.php(509): CodeIgniter\Database\BaseConnection->query('CREATE TABLE `s...')
#4 C:\Users\user\Documents\sisteminformasibengkel\sisteminformasibengkel\app\Database\Migrations\2022-10-13-082704_StatusPemeriksaan.php(20): CodeIgniter\Database\Forge->createTable('statuspemeriksa...')
#5 C:\Users\user\Documents\sisteminformasibengkel\sisteminformasibengkel\vendor\codeigniter4\framework\system\Database\MigrationRunner.php(868): App\Database\Migrations\StatusPemeriksaan->up()
#6 C:\Users\user\Documents\sisteminformasibengkel\sisteminformasibengkel\vendor\codeigniter4\framework\system\Database\MigrationRunner.php(187): CodeIgniter\Database\MigrationRunner->migrate('up', Object(stdClass))
#7 C:\Users\user\Documents\sisteminformasibengkel\sisteminformasibengkel\vendor\codeigniter4\framework\system\Commands\Database\Migrate.php(84): CodeIgniter\Database\MigrationRunner->latest(NULL)
#8 C:\Users\user\Documents\sisteminformasibengkel\sisteminformasibengkel\vendor\codeigniter4\framework\system\CLI\Commands.php(63): CodeIgniter\Commands\Database\Migrate->run(Array)
#9 C:\Users\user\Documents\sisteminformasibengkel\sisteminformasibengkel\vendor\codeigniter4\framework\system\CLI\BaseCommand.php(112): CodeIgniter\CLI\Commands->run('migrate', Array)
#10 C:\Users\user\Documents\sisteminformasibengkel\sisteminformasibengkel\vendor\codeigniter4\framework\system\Commands\Database\MigrateRefresh.php(85): CodeIgniter\CLI\BaseCommand->call('migrate', Array)
#11 C:\Users\user\Documents\sisteminformasibengkel\sisteminformasibengkel\vendor\codeigniter4\framework\system\CLI\Commands.php(63): CodeIgniter\Commands\Database\MigrateRefresh->run(Array)
#12 C:\Users\user\Documents\sisteminformasibengkel\sisteminformasibengkel\vendor\codeigniter4\framework\system\CLI\CommandRunner.php(65): CodeIgniter\CLI\Commands->run('migrate:refresh', Array)
#13 C:\Users\user\Documents\sisteminformasibengkel\sisteminformasibengkel\vendor\codeigniter4\framework\system\CLI\CommandRunner.php(51): CodeIgniter\CLI\CommandRunner->index(Array)
#14 C:\Users\user\Documents\sisteminformasibengkel\sisteminformasibengkel\vendor\codeigniter4\framework\system\CodeIgniter.php(895): CodeIgniter\CLI\CommandRunner->_remap('index', Array)
#15 C:\Users\user\Documents\sisteminformasibengkel\sisteminformasibengkel\vendor\codeigniter4\framework\system\CodeIgniter.php(457): CodeIgniter\CodeIgniter->runController(Object(CodeIgniter\CLI\CommandRunner))
#16 C:\Users\user\Documents\sisteminformasibengkel\sisteminformasibengkel\vendor\codeigniter4\framework\system\CodeIgniter.php(336): CodeIgniter\CodeIgniter->handleRequest(NULL, Object(Config\Cache), false)
#17 C:\Users\user\Documents\sisteminformasibengkel\sisteminformasibengkel\vendor\codeigniter4\framework\system\CLI\Console.php(48): CodeIgniter\CodeIgniter->run()
#18 C:\Users\user\Documents\sisteminformasibengkel\sisteminformasibengkel\spark(98): CodeIgniter\CLI\Console->run()
#19 {main}
ERROR - 2022-10-13 03:50:21 --> mysqli_sql_exception: Unknown table 'bengkel.statuspemeriksaan' in C:\Users\user\Documents\sisteminformasibengkel\sisteminformasibengkel\vendor\codeigniter4\framework\system\Database\MySQLi\Connection.php:292
Stack trace:
#0 C:\Users\user\Documents\sisteminformasibengkel\sisteminformasibengkel\vendor\codeigniter4\framework\system\Database\MySQLi\Connection.php(292): mysqli->query('DROP TABLE `sta...', 0)
#1 C:\Users\user\Documents\sisteminformasibengkel\sisteminformasibengkel\vendor\codeigniter4\framework\system\Database\BaseConnection.php(693): CodeIgniter\Database\MySQLi\Connection->execute('DROP TABLE `sta...')
#2 C:\Users\user\Documents\sisteminformasibengkel\sisteminformasibengkel\vendor\codeigniter4\framework\system\Database\BaseConnection.php(620): CodeIgniter\Database\BaseConnection->simpleQuery('DROP TABLE `sta...')
#3 C:\Users\user\Documents\sisteminformasibengkel\sisteminformasibengkel\vendor\codeigniter4\framework\system\Database\Forge.php(600): CodeIgniter\Database\BaseConnection->query('DROP TABLE `sta...')
#4 C:\Users\user\Documents\sisteminformasibengkel\sisteminformasibengkel\app\Database\Migrations\2022-10-13-082704_StatusPemeriksaan.php(25): CodeIgniter\Database\Forge->dropTable('statuspemeriksa...')
#5 C:\Users\user\Documents\sisteminformasibengkel\sisteminformasibengkel\vendor\codeigniter4\framework\system\Database\MigrationRunner.php(868): App\Database\Migrations\StatusPemeriksaan->down()
#6 C:\Users\user\Documents\sisteminformasibengkel\sisteminformasibengkel\vendor\codeigniter4\framework\system\Database\MigrationRunner.php(298): CodeIgniter\Database\MigrationRunner->migrate('down', Object(stdClass))
#7 C:\Users\user\Documents\sisteminformasibengkel\sisteminformasibengkel\vendor\codeigniter4\framework\system\Commands\Database\MigrateRollback.php(92): CodeIgniter\Database\MigrationRunner->regress(0)
#8 C:\Users\user\Documents\sisteminformasibengkel\sisteminformasibengkel\vendor\codeigniter4\framework\system\CLI\Commands.php(63): CodeIgniter\Commands\Database\MigrateRollback->run(Array)
#9 C:\Users\user\Documents\sisteminformasibengkel\sisteminformasibengkel\vendor\codeigniter4\framework\system\CLI\BaseCommand.php(112): CodeIgniter\CLI\Commands->run('migrate:rollbac...', Array)
#10 C:\Users\user\Documents\sisteminformasibengkel\sisteminformasibengkel\vendor\codeigniter4\framework\system\Commands\Database\MigrateRefresh.php(84): CodeIgniter\CLI\BaseCommand->call('migrate:rollbac...', Array)
#11 C:\Users\user\Documents\sisteminformasibengkel\sisteminformasibengkel\vendor\codeigniter4\framework\system\CLI\Commands.php(63): CodeIgniter\Commands\Database\MigrateRefresh->run(Array)
#12 C:\Users\user\Documents\sisteminformasibengkel\sisteminformasibengkel\vendor\codeigniter4\framework\system\CLI\CommandRunner.php(65): CodeIgniter\CLI\Commands->run('migrate:refresh', Array)
#13 C:\Users\user\Documents\sisteminformasibengkel\sisteminformasibengkel\vendor\codeigniter4\framework\system\CLI\CommandRunner.php(51): CodeIgniter\CLI\CommandRunner->index(Array)
#14 C:\Users\user\Documents\sisteminformasibengkel\sisteminformasibengkel\vendor\codeigniter4\framework\system\CodeIgniter.php(895): CodeIgniter\CLI\CommandRunner->_remap('index', Array)
#15 C:\Users\user\Documents\sisteminformasibengkel\sisteminformasibengkel\vendor\codeigniter4\framework\system\CodeIgniter.php(457): CodeIgniter\CodeIgniter->runController(Object(CodeIgniter\CLI\CommandRunner))
#16 C:\Users\user\Documents\sisteminformasibengkel\sisteminformasibengkel\vendor\codeigniter4\framework\system\CodeIgniter.php(336): CodeIgniter\CodeIgniter->handleRequest(NULL, Object(Config\Cache), false)
#17 C:\Users\user\Documents\sisteminformasibengkel\sisteminformasibengkel\vendor\codeigniter4\framework\system\CLI\Console.php(48): CodeIgniter\CodeIgniter->run()
#18 C:\Users\user\Documents\sisteminformasibengkel\sisteminformasibengkel\spark(98): CodeIgniter\CLI\Console->run()
#19 {main}
ERROR - 2022-10-13 03:50:23 --> mysqli_sql_exception: Invalid default value for 'urutan' in C:\Users\user\Documents\sisteminformasibengkel\sisteminformasibengkel\vendor\codeigniter4\framework\system\Database\MySQLi\Connection.php:292
Stack trace:
#0 C:\Users\user\Documents\sisteminformasibengkel\sisteminformasibengkel\vendor\codeigniter4\framework\system\Database\MySQLi\Connection.php(292): mysqli->query('CREATE TABLE `s...', 0)
#1 C:\Users\user\Documents\sisteminformasibengkel\sisteminformasibengkel\vendor\codeigniter4\framework\system\Database\BaseConnection.php(693): CodeIgniter\Database\MySQLi\Connection->execute('CREATE TABLE `s...')
#2 C:\Users\user\Documents\sisteminformasibengkel\sisteminformasibengkel\vendor\codeigniter4\framework\system\Database\BaseConnection.php(620): CodeIgniter\Database\BaseConnection->simpleQuery('CREATE TABLE `s...')
#3 C:\Users\user\Documents\sisteminformasibengkel\sisteminformasibengkel\vendor\codeigniter4\framework\system\Database\Forge.php(509): CodeIgniter\Database\BaseConnection->query('CREATE TABLE `s...')
#4 C:\Users\user\Documents\sisteminformasibengkel\sisteminformasibengkel\app\Database\Migrations\2022-10-13-082704_StatusPemeriksaan.php(20): CodeIgniter\Database\Forge->createTable('statuspemeriksa...')
#5 C:\Users\user\Documents\sisteminformasibengkel\sisteminformasibengkel\vendor\codeigniter4\framework\system\Database\MigrationRunner.php(868): App\Database\Migrations\StatusPemeriksaan->up()
#6 C:\Users\user\Documents\sisteminformasibengkel\sisteminformasibengkel\vendor\codeigniter4\framework\system\Database\MigrationRunner.php(187): CodeIgniter\Database\MigrationRunner->migrate('up', Object(stdClass))
#7 C:\Users\user\Documents\sisteminformasibengkel\sisteminformasibengkel\vendor\codeigniter4\framework\system\Commands\Database\Migrate.php(84): CodeIgniter\Database\MigrationRunner->latest(NULL)
#8 C:\Users\user\Documents\sisteminformasibengkel\sisteminformasibengkel\vendor\codeigniter4\framework\system\CLI\Commands.php(63): CodeIgniter\Commands\Database\Migrate->run(Array)
#9 C:\Users\user\Documents\sisteminformasibengkel\sisteminformasibengkel\vendor\codeigniter4\framework\system\CLI\BaseCommand.php(112): CodeIgniter\CLI\Commands->run('migrate', Array)
#10 C:\Users\user\Documents\sisteminformasibengkel\sisteminformasibengkel\vendor\codeigniter4\framework\system\Commands\Database\MigrateRefresh.php(85): CodeIgniter\CLI\BaseCommand->call('migrate', Array)
#11 C:\Users\user\Documents\sisteminformasibengkel\sisteminformasibengkel\vendor\codeigniter4\framework\system\CLI\Commands.php(63): CodeIgniter\Commands\Database\MigrateRefresh->run(Array)
#12 C:\Users\user\Documents\sisteminformasibengkel\sisteminformasibengkel\vendor\codeigniter4\framework\system\CLI\CommandRunner.php(65): CodeIgniter\CLI\Commands->run('migrate:refresh', Array)
#13 C:\Users\user\Documents\sisteminformasibengkel\sisteminformasibengkel\vendor\codeigniter4\framework\system\CLI\CommandRunner.php(51): CodeIgniter\CLI\CommandRunner->index(Array)
#14 C:\Users\user\Documents\sisteminformasibengkel\sisteminformasibengkel\vendor\codeigniter4\framework\system\CodeIgniter.php(895): CodeIgniter\CLI\CommandRunner->_remap('index', Array)
#15 C:\Users\user\Documents\sisteminformasibengkel\sisteminformasibengkel\vendor\codeigniter4\framework\system\CodeIgniter.php(457): CodeIgniter\CodeIgniter->runController(Object(CodeIgniter\CLI\CommandRunner))
#16 C:\Users\user\Documents\sisteminformasibengkel\sisteminformasibengkel\vendor\codeigniter4\framework\system\CodeIgniter.php(336): CodeIgniter\CodeIgniter->handleRequest(NULL, Object(Config\Cache), false)
#17 C:\Users\user\Documents\sisteminformasibengkel\sisteminformasibengkel\vendor\codeigniter4\framework\system\CLI\Console.php(48): CodeIgniter\CodeIgniter->run()
#18 C:\Users\user\Documents\sisteminformasibengkel\sisteminformasibengkel\spark(98): CodeIgniter\CLI\Console->run()
#19 {main}
ERROR - 2022-10-13 03:56:25 --> mysqli_sql_exception: Unknown table 'bengkel.statuspemeriksaan' in C:\Users\user\Documents\sisteminformasibengkel\sisteminformasibengkel\vendor\codeigniter4\framework\system\Database\MySQLi\Connection.php:292
Stack trace:
#0 C:\Users\user\Documents\sisteminformasibengkel\sisteminformasibengkel\vendor\codeigniter4\framework\system\Database\MySQLi\Connection.php(292): mysqli->query('DROP TABLE `sta...', 0)
#1 C:\Users\user\Documents\sisteminformasibengkel\sisteminformasibengkel\vendor\codeigniter4\framework\system\Database\BaseConnection.php(693): CodeIgniter\Database\MySQLi\Connection->execute('DROP TABLE `sta...')
#2 C:\Users\user\Documents\sisteminformasibengkel\sisteminformasibengkel\vendor\codeigniter4\framework\system\Database\BaseConnection.php(620): CodeIgniter\Database\BaseConnection->simpleQuery('DROP TABLE `sta...')
#3 C:\Users\user\Documents\sisteminformasibengkel\sisteminformasibengkel\vendor\codeigniter4\framework\system\Database\Forge.php(600): CodeIgniter\Database\BaseConnection->query('DROP TABLE `sta...')
#4 C:\Users\user\Documents\sisteminformasibengkel\sisteminformasibengkel\app\Database\Migrations\2022-10-13-082704_StatusPemeriksaan.php(25): CodeIgniter\Database\Forge->dropTable('statuspemeriksa...')
#5 C:\Users\user\Documents\sisteminformasibengkel\sisteminformasibengkel\vendor\codeigniter4\framework\system\Database\MigrationRunner.php(868): App\Database\Migrations\StatusPemeriksaan->down()
#6 C:\Users\user\Documents\sisteminformasibengkel\sisteminformasibengkel\vendor\codeigniter4\framework\system\Database\MigrationRunner.php(298): CodeIgniter\Database\MigrationRunner->migrate('down', Object(stdClass))
#7 C:\Users\user\Documents\sisteminformasibengkel\sisteminformasibengkel\vendor\codeigniter4\framework\system\Commands\Database\MigrateRollback.php(92): CodeIgniter\Database\MigrationRunner->regress(0)
#8 C:\Users\user\Documents\sisteminformasibengkel\sisteminformasibengkel\vendor\codeigniter4\framework\system\CLI\Commands.php(63): CodeIgniter\Commands\Database\MigrateRollback->run(Array)
#9 C:\Users\user\Documents\sisteminformasibengkel\sisteminformasibengkel\vendor\codeigniter4\framework\system\CLI\BaseCommand.php(112): CodeIgniter\CLI\Commands->run('migrate:rollbac...', Array)
#10 C:\Users\user\Documents\sisteminformasibengkel\sisteminformasibengkel\vendor\codeigniter4\framework\system\Commands\Database\MigrateRefresh.php(84): CodeIgniter\CLI\BaseCommand->call('migrate:rollbac...', Array)
#11 C:\Users\user\Documents\sisteminformasibengkel\sisteminformasibengkel\vendor\codeigniter4\framework\system\CLI\Commands.php(63): CodeIgniter\Commands\Database\MigrateRefresh->run(Array)
#12 C:\Users\user\Documents\sisteminformasibengkel\sisteminformasibengkel\vendor\codeigniter4\framework\system\CLI\CommandRunner.php(65): CodeIgniter\CLI\Commands->run('migrate:refresh', Array)
#13 C:\Users\user\Documents\sisteminformasibengkel\sisteminformasibengkel\vendor\codeigniter4\framework\system\CLI\CommandRunner.php(51): CodeIgniter\CLI\CommandRunner->index(Array)
#14 C:\Users\user\Documents\sisteminformasibengkel\sisteminformasibengkel\vendor\codeigniter4\framework\system\CodeIgniter.php(895): CodeIgniter\CLI\CommandRunner->_remap('index', Array)
#15 C:\Users\user\Documents\sisteminformasibengkel\sisteminformasibengkel\vendor\codeigniter4\framework\system\CodeIgniter.php(457): CodeIgniter\CodeIgniter->runController(Object(CodeIgniter\CLI\CommandRunner))
#16 C:\Users\user\Documents\sisteminformasibengkel\sisteminformasibengkel\vendor\codeigniter4\framework\system\CodeIgniter.php(336): CodeIgniter\CodeIgniter->handleRequest(NULL, Object(Config\Cache), false)
#17 C:\Users\user\Documents\sisteminformasibengkel\sisteminformasibengkel\vendor\codeigniter4\framework\system\CLI\Console.php(48): CodeIgniter\CodeIgniter->run()
#18 C:\Users\user\Documents\sisteminformasibengkel\sisteminformasibengkel\spark(98): CodeIgniter\CLI\Console->run()
#19 {main}
ERROR - 2022-10-13 03:56:27 --> mysqli_sql_exception: Invalid default value for 'urutan' in C:\Users\user\Documents\sisteminformasibengkel\sisteminformasibengkel\vendor\codeigniter4\framework\system\Database\MySQLi\Connection.php:292
Stack trace:
#0 C:\Users\user\Documents\sisteminformasibengkel\sisteminformasibengkel\vendor\codeigniter4\framework\system\Database\MySQLi\Connection.php(292): mysqli->query('CREATE TABLE `s...', 0)
#1 C:\Users\user\Documents\sisteminformasibengkel\sisteminformasibengkel\vendor\codeigniter4\framework\system\Database\BaseConnection.php(693): CodeIgniter\Database\MySQLi\Connection->execute('CREATE TABLE `s...')
#2 C:\Users\user\Documents\sisteminformasibengkel\sisteminformasibengkel\vendor\codeigniter4\framework\system\Database\BaseConnection.php(620): CodeIgniter\Database\BaseConnection->simpleQuery('CREATE TABLE `s...')
#3 C:\Users\user\Documents\sisteminformasibengkel\sisteminformasibengkel\vendor\codeigniter4\framework\system\Database\Forge.php(509): CodeIgniter\Database\BaseConnection->query('CREATE TABLE `s...')
#4 C:\Users\user\Documents\sisteminformasibengkel\sisteminformasibengkel\app\Database\Migrations\2022-10-13-082704_StatusPemeriksaan.php(20): CodeIgniter\Database\Forge->createTable('statuspemeriksa...')
#5 C:\Users\user\Documents\sisteminformasibengkel\sisteminformasibengkel\vendor\codeigniter4\framework\system\Database\MigrationRunner.php(868): App\Database\Migrations\StatusPemeriksaan->up()
#6 C:\Users\user\Documents\sisteminformasibengkel\sisteminformasibengkel\vendor\codeigniter4\framework\system\Database\MigrationRunner.php(187): CodeIgniter\Database\MigrationRunner->migrate('up', Object(stdClass))
#7 C:\Users\user\Documents\sisteminformasibengkel\sisteminformasibengkel\vendor\codeigniter4\framework\system\Commands\Database\Migrate.php(84): CodeIgniter\Database\MigrationRunner->latest(NULL)
#8 C:\Users\user\Documents\sisteminformasibengkel\sisteminformasibengkel\vendor\codeigniter4\framework\system\CLI\Commands.php(63): CodeIgniter\Commands\Database\Migrate->run(Array)
#9 C:\Users\user\Documents\sisteminformasibengkel\sisteminformasibengkel\vendor\codeigniter4\framework\system\CLI\BaseCommand.php(112): CodeIgniter\CLI\Commands->run('migrate', Array)
#10 C:\Users\user\Documents\sisteminformasibengkel\sisteminformasibengkel\vendor\codeigniter4\framework\system\Commands\Database\MigrateRefresh.php(85): CodeIgniter\CLI\BaseCommand->call('migrate', Array)
#11 C:\Users\user\Documents\sisteminformasibengkel\sisteminformasibengkel\vendor\codeigniter4\framework\system\CLI\Commands.php(63): CodeIgniter\Commands\Database\MigrateRefresh->run(Array)
#12 C:\Users\user\Documents\sisteminformasibengkel\sisteminformasibengkel\vendor\codeigniter4\framework\system\CLI\CommandRunner.php(65): CodeIgniter\CLI\Commands->run('migrate:refresh', Array)
#13 C:\Users\user\Documents\sisteminformasibengkel\sisteminformasibengkel\vendor\codeigniter4\framework\system\CLI\CommandRunner.php(51): CodeIgniter\CLI\CommandRunner->index(Array)
#14 C:\Users\user\Documents\sisteminformasibengkel\sisteminformasibengkel\vendor\codeigniter4\framework\system\CodeIgniter.php(895): CodeIgniter\CLI\CommandRunner->_remap('index', Array)
#15 C:\Users\user\Documents\sisteminformasibengkel\sisteminformasibengkel\vendor\codeigniter4\framework\system\CodeIgniter.php(457): CodeIgniter\CodeIgniter->runController(Object(CodeIgniter\CLI\CommandRunner))
#16 C:\Users\user\Documents\sisteminformasibengkel\sisteminformasibengkel\vendor\codeigniter4\framework\system\CodeIgniter.php(336): CodeIgniter\CodeIgniter->handleRequest(NULL, Object(Config\Cache), false)
#17 C:\Users\user\Documents\sisteminformasibengkel\sisteminformasibengkel\vendor\codeigniter4\framework\system\CLI\Console.php(48): CodeIgniter\CodeIgniter->run()
#18 C:\Users\user\Documents\sisteminformasibengkel\sisteminformasibengkel\spark(98): CodeIgniter\CLI\Console->run()
#19 {main}
ERROR - 2022-10-13 04:06:25 --> mysqli_sql_exception: Unknown table 'bengkel.statuspemeriksaan' in C:\Users\user\Documents\sisteminformasibengkel\sisteminformasibengkel\vendor\codeigniter4\framework\system\Database\MySQLi\Connection.php:292
Stack trace:
#0 C:\Users\user\Documents\sisteminformasibengkel\sisteminformasibengkel\vendor\codeigniter4\framework\system\Database\MySQLi\Connection.php(292): mysqli->query('DROP TABLE `sta...', 0)
#1 C:\Users\user\Documents\sisteminformasibengkel\sisteminformasibengkel\vendor\codeigniter4\framework\system\Database\BaseConnection.php(693): CodeIgniter\Database\MySQLi\Connection->execute('DROP TABLE `sta...')
#2 C:\Users\user\Documents\sisteminformasibengkel\sisteminformasibengkel\vendor\codeigniter4\framework\system\Database\BaseConnection.php(620): CodeIgniter\Database\BaseConnection->simpleQuery('DROP TABLE `sta...')
#3 C:\Users\user\Documents\sisteminformasibengkel\sisteminformasibengkel\vendor\codeigniter4\framework\system\Database\Forge.php(600): CodeIgniter\Database\BaseConnection->query('DROP TABLE `sta...')
#4 C:\Users\user\Documents\sisteminformasibengkel\sisteminformasibengkel\app\Database\Migrations\2022-10-13-082704_StatusPemeriksaan.php(25): CodeIgniter\Database\Forge->dropTable('statuspemeriksa...')
#5 C:\Users\user\Documents\sisteminformasibengkel\sisteminformasibengkel\vendor\codeigniter4\framework\system\Database\MigrationRunner.php(868): App\Database\Migrations\StatusPemeriksaan->down()
#6 C:\Users\user\Documents\sisteminformasibengkel\sisteminformasibengkel\vendor\codeigniter4\framework\system\Database\MigrationRunner.php(298): CodeIgniter\Database\MigrationRunner->migrate('down', Object(stdClass))
#7 C:\Users\user\Documents\sisteminformasibengkel\sisteminformasibengkel\vendor\codeigniter4\framework\system\Commands\Database\MigrateRollback.php(92): CodeIgniter\Database\MigrationRunner->regress(0)
#8 C:\Users\user\Documents\sisteminformasibengkel\sisteminformasibengkel\vendor\codeigniter4\framework\system\CLI\Commands.php(63): CodeIgniter\Commands\Database\MigrateRollback->run(Array)
#9 C:\Users\user\Documents\sisteminformasibengkel\sisteminformasibengkel\vendor\codeigniter4\framework\system\CLI\BaseCommand.php(112): CodeIgniter\CLI\Commands->run('migrate:rollbac...', Array)
#10 C:\Users\user\Documents\sisteminformasibengkel\sisteminformasibengkel\vendor\codeigniter4\framework\system\Commands\Database\MigrateRefresh.php(84): CodeIgniter\CLI\BaseCommand->call('migrate:rollbac...', Array)
#11 C:\Users\user\Documents\sisteminformasibengkel\sisteminformasibengkel\vendor\codeigniter4\framework\system\CLI\Commands.php(63): CodeIgniter\Commands\Database\MigrateRefresh->run(Array)
#12 C:\Users\user\Documents\sisteminformasibengkel\sisteminformasibengkel\vendor\codeigniter4\framework\system\CLI\CommandRunner.php(65): CodeIgniter\CLI\Commands->run('migrate:refresh', Array)
#13 C:\Users\user\Documents\sisteminformasibengkel\sisteminformasibengkel\vendor\codeigniter4\framework\system\CLI\CommandRunner.php(51): CodeIgniter\CLI\CommandRunner->index(Array)
#14 C:\Users\user\Documents\sisteminformasibengkel\sisteminformasibengkel\vendor\codeigniter4\framework\system\CodeIgniter.php(895): CodeIgniter\CLI\CommandRunner->_remap('index', Array)
#15 C:\Users\user\Documents\sisteminformasibengkel\sisteminformasibengkel\vendor\codeigniter4\framework\system\CodeIgniter.php(457): CodeIgniter\CodeIgniter->runController(Object(CodeIgniter\CLI\CommandRunner))
#16 C:\Users\user\Documents\sisteminformasibengkel\sisteminformasibengkel\vendor\codeigniter4\framework\system\CodeIgniter.php(336): CodeIgniter\CodeIgniter->handleRequest(NULL, Object(Config\Cache), false)
#17 C:\Users\user\Documents\sisteminformasibengkel\sisteminformasibengkel\vendor\codeigniter4\framework\system\CLI\Console.php(48): CodeIgniter\CodeIgniter->run()
#18 C:\Users\user\Documents\sisteminformasibengkel\sisteminformasibengkel\spark(98): CodeIgniter\CLI\Console->run()
#19 {main}
